#
# A fatal error has been detected by the Java Runtime Environment:
#
#  EXCEPTION_ACCESS_VIOLATION (0xc0000005) at pc=0x00000001800051c0, pid=8848, tid=10536
#
# JRE version: Java(TM) SE Runtime Environment (8.0_51-b16) (build 1.8.0_51-b16)
# Java VM: Java HotSpot(TM) 64-Bit Server VM (25.51-b03 mixed mode windows-amd64 compressed oops)
# Problematic frame:
# C  [rxtxSerial.dll+0x51c0]
#
# Failed to write core dump. Minidumps are not enabled by default on client versions of Windows
#
# If you would like to submit a bug report, please visit:
#   http://bugreport.java.com/bugreport/crash.jsp
# The crash happened outside the Java Virtual Machine in native code.
# See problematic frame for where to report the bug.
#

---------------  T H R E A D  ---------------

Current thread (0x0000000018b9f800):  JavaThread "Thread-3" [_thread_in_native, id=10536, stack(0x000000001a2f0000,0x000000001a3f0000)]

siginfo: ExceptionCode=0xc0000005, writing address 0x000000001a2eef98

Registers:
RAX=0x0000000000000000, RBX=0x0000000000000001, RCX=0x0000000000000014, RDX=0x0000000000000000
RSP=0x000000001a3ef560, RBP=0x0000000018b9f9f8, RSI=0x0000000000000015, RDI=0x0000000000000000
R8 =0x000000001a3ef4b8, R9 =0x0000000018b9f9f8, R10=0x0000000000000000, R11=0x0000000000000246
R12=0x000000001a2eef90, R13=0x00000000168b0a20, R14=0x0000000000000000, R15=0x00000000ffffffff
RIP=0x00000001800051c0, EFLAGS=0x0000000000010246

Top of Stack: (sp=0x000000001a3ef560)
0x000000001a3ef560:   0000000000000001 0000000000000000
0x000000001a3ef570:   0000000000000000 0000000000000000
0x000000001a3ef580:   0000000018b91500 0000000000000001
0x000000001a3ef590:   0000000018b9f800 0000000071880ae3
0x000000001a3ef5a0:   0000000018b66750 00000000186c3420
0x000000001a3ef5b0:   0000000000000000 0000000018b9f800
0x000000001a3ef5c0:   0000000018b9f800 00000000718889c3
0x000000001a3ef5d0:   000059718d03833f 00000000186c3420
0x000000001a3ef5e0:   0000000018b9f800 000000001a3ef6b0
0x000000001a3ef5f0:   00000000168b0a20 0000000000000000
0x000000001a3ef600:   0000000002287ced 0000000018b9f800
0x000000001a3ef610:   000000001a3ef690 0000000002293b54
0x000000001a3ef620:   fffffffe00000000 0000000000000494
0x000000001a3ef630:   00000000168b0a28 000000007171cf70
0x000000001a3ef640:   0000000018b90b00 0000000000000000
0x000000001a3ef650:   000000001a3ef650 0000000000000000 

Instructions: (pc=0x00000001800051c0)
0x00000001800051a0:   00 85 c0 0f 88 93 00 00 00 74 06 03 f8 2b d8 eb
0x00000001800051b0:   0a b9 e8 03 00 00 e8 55 0f 00 00 83 ff 01 7c b0
0x00000001800051c0:   45 89 74 24 08 85 ff 0f 89 cc 00 00 00 e8 aa 55
0x00000001800051d0:   00 00 8b 08 e8 bf 54 00 00 4c 8b 45 00 48 8d 15 


Register to memory mapping:

RAX=0x0000000000000000 is an unknown value
RBX=0x0000000000000001 is an unknown value
RCX=0x0000000000000014 is an unknown value
RDX=0x0000000000000000 is an unknown value
RSP=0x000000001a3ef560 is pointing into the stack for thread: 0x0000000018b9f800
RBP=0x0000000018b9f9f8 is an unknown value
RSI=0x0000000000000015 is an unknown value
RDI=0x0000000000000000 is an unknown value
R8 =0x000000001a3ef4b8 is pointing into the stack for thread: 0x0000000018b9f800
R9 =0x0000000018b9f9f8 is an unknown value
R10=0x0000000000000000 is an unknown value
R11=0x0000000000000246 is an unknown value
R12=0x000000001a2eef90 is an unknown value
R13=0x00000000168b0a20 is pointing into metadata
R14=0x0000000000000000 is an unknown value
R15=0x00000000ffffffff is an unallocated location in the heap


Stack: [0x000000001a2f0000,0x000000001a3f0000],  sp=0x000000001a3ef560,  free space=1021k
Native frames: (J=compiled Java code, j=interpreted, Vv=VM code, C=native code)
C  [rxtxSerial.dll+0x51c0]
C  0x0000000002293b54

Java frames: (J=compiled Java code, j=interpreted, Vv=VM code)
j  gnu.io.RXTXPort.readByte()I+0
j  gnu.io.RXTXPort$SerialInputStream.read()I+81
j  Model.CommPortReceiver.run()V+4
v  ~StubRoutines::call_stub

---------------  P R O C E S S  ---------------

Java Threads: ( => current thread )
  0x0000000018c0b800 JavaThread "TimerQueue" daemon [_thread_blocked, id=9820, stack(0x000000001a5f0000,0x000000001a6f0000)]
=>0x0000000018b9f800 JavaThread "Thread-3" [_thread_in_native, id=10536, stack(0x000000001a2f0000,0x000000001a3f0000)]
  0x0000000000b20800 JavaThread "DestroyJavaVM" [_thread_blocked, id=6240, stack(0x0000000000a10000,0x0000000000b10000)]
  0x00000000186fc800 JavaThread "AWT-EventQueue-0" [_thread_blocked, id=9532, stack(0x0000000019a30000,0x0000000019b30000)]
  0x0000000018a92800 JavaThread "AWT-Windows" daemon [_thread_in_native, id=3528, stack(0x0000000019460000,0x0000000019560000)]
  0x0000000018a91000 JavaThread "AWT-Shutdown" [_thread_blocked, id=5184, stack(0x0000000019360000,0x0000000019460000)]
  0x00000000186c5800 JavaThread "Java2D Disposer" daemon [_thread_blocked, id=7480, stack(0x0000000019260000,0x0000000019360000)]
  0x0000000016b2e000 JavaThread "Service Thread" daemon [_thread_blocked, id=3616, stack(0x0000000018720000,0x0000000018820000)]
  0x0000000016ace800 JavaThread "C1 CompilerThread2" daemon [_thread_blocked, id=7812, stack(0x0000000018220000,0x0000000018320000)]
  0x0000000016ad0000 JavaThread "C2 CompilerThread1" daemon [_thread_blocked, id=6732, stack(0x0000000018120000,0x0000000018220000)]
  0x0000000016acc800 JavaThread "C2 CompilerThread0" daemon [_thread_blocked, id=6032, stack(0x0000000018020000,0x0000000018120000)]
  0x0000000016acb000 JavaThread "Attach Listener" daemon [_thread_blocked, id=10392, stack(0x0000000017f20000,0x0000000018020000)]
  0x0000000016aca000 JavaThread "Signal Dispatcher" daemon [_thread_blocked, id=11508, stack(0x0000000017e20000,0x0000000017f20000)]
  0x0000000000c16800 JavaThread "Finalizer" daemon [_thread_blocked, id=15272, stack(0x0000000017d20000,0x0000000017e20000)]
  0x0000000000c0e800 JavaThread "Reference Handler" daemon [_thread_blocked, id=7668, stack(0x0000000017c20000,0x0000000017d20000)]

Other Threads:
  0x0000000016a97000 VMThread [stack: 0x0000000017b20000,0x0000000017c20000] [id=7576]
  0x0000000018360000 WatcherThread [stack: 0x0000000018820000,0x0000000018920000] [id=7836]

VM state:not at safepoint (normal execution)

VM Mutex/Monitor currently owned by a thread: None

Heap:
 PSYoungGen      total 37888K, used 14623K [0x00000000d6600000, 0x00000000d9000000, 0x0000000100000000)
  eden space 32768K, 44% used [0x00000000d6600000,0x00000000d7447e90,0x00000000d8600000)
  from space 5120K, 0% used [0x00000000d8b00000,0x00000000d8b00000,0x00000000d9000000)
  to   space 5120K, 0% used [0x00000000d8600000,0x00000000d8600000,0x00000000d8b00000)
 ParOldGen       total 86016K, used 0K [0x0000000083200000, 0x0000000088600000, 0x00000000d6600000)
  object space 86016K, 0% used [0x0000000083200000,0x0000000083200000,0x0000000088600000)
 Metaspace       used 12082K, capacity 12382K, committed 12416K, reserved 1060864K
  class space    used 1548K, capacity 1643K, committed 1664K, reserved 1048576K

Card table byte_map: [0x0000000011640000,0x0000000011a30000] byte_map_base: 0x0000000011227000

Marking Bits: (ParMarkBitMap*) 0x0000000071df4040
 Begin Bits: [0x0000000011ed0000, 0x0000000013e08000)
 End Bits:   [0x0000000013e08000, 0x0000000015d40000)

Polling page: 0x0000000000610000

CodeCache: size=245760Kb used=3223Kb max_used=3223Kb free=242536Kb
 bounds [0x0000000002280000, 0x00000000025b0000, 0x0000000011280000]
 total_blobs=1477 nmethods=1000 adapters=390
 compilation: enabled

Compilation events (10 events):
Event: 3.472 Thread 0x0000000016ace800  997       3       sun.java2d.SurfaceData::pixelFor (13 bytes)
Event: 3.472 Thread 0x0000000016ace800 nmethod 997 0x00000000025a6350 code [0x00000000025a64c0, 0x00000000025a67c8]
Event: 3.472 Thread 0x0000000016ace800 1000       3       sun.java2d.SunGraphics2D::invalidatePipe (41 bytes)
Event: 3.473 Thread 0x0000000016ace800 nmethod 1000 0x00000000025a6910 code [0x00000000025a6a60, 0x00000000025a6c30]
Event: 3.473 Thread 0x0000000016ace800  998       3       javax.swing.RepaintManager::currentManager (5 bytes)
Event: 3.473 Thread 0x0000000016ace800 nmethod 998 0x00000000025a6c90 code [0x00000000025a6e00, 0x00000000025a6ff8]
Event: 3.473 Thread 0x0000000016ace800  999       3       javax.swing.RepaintManager::currentManager (7 bytes)
Event: 3.473 Thread 0x0000000016ace800 nmethod 999 0x00000000025a70d0 code [0x00000000025a7240, 0x00000000025a73d8]
Event: 3.474 Thread 0x0000000016ace800 1001       3       sun.java2d.SunGraphics2D::setColor (108 bytes)
Event: 3.474 Thread 0x0000000016ace800 nmethod 1001 0x00000000025a7490 code [0x00000000025a7620, 0x00000000025a7b38]

GC Heap History (0 events):
No events

Deoptimization events (2 events):
Event: 0.580 Thread 0x0000000000b20800 Uncommon trap: reason=predicate action=maybe_recompile pc=0x00000000024a2ba8 method=java.util.ArrayList.indexOf(Ljava/lang/Object;)I @ 44
Event: 2.488 Thread 0x00000000186fc800 Uncommon trap: reason=class_check action=maybe_recompile pc=0x0000000002402f28 method=java.lang.String.equals(Ljava/lang/Object;)Z @ 8

Internal exceptions (10 events):
Event: 0.146 Thread 0x0000000000b20800 Exception <a 'java/security/PrivilegedActionException'> (0x00000000d6807470) thrown at [C:\re\workspace\8-2-build-windows-amd64-cygwin\jdk8u51\3951\hotspot\src\share\vm\prims\jvm.cpp, line 1382]
Event: 0.152 Thread 0x0000000000b20800 Exception <a 'java/io/FileNotFoundException'> (0x00000000d6809b80) thrown at [C:\re\workspace\8-2-build-windows-amd64-cygwin\jdk8u51\3951\hotspot\src\share\vm\prims\jni.cpp, line 709]
Event: 0.181 Thread 0x0000000000b20800 Exception <a 'java/io/FileNotFoundException'> (0x00000000d682ab28) thrown at [C:\re\workspace\8-2-build-windows-amd64-cygwin\jdk8u51\3951\hotspot\src\share\vm\prims\jni.cpp, line 709]
Event: 0.235 Thread 0x0000000000b20800 Exception <a 'java/lang/NoSuchFieldError': method resolution failed> (0x00000000d68fe680) thrown at [C:\re\workspace\8-2-build-windows-amd64-cygwin\jdk8u51\3951\hotspot\src\share\vm\prims\methodHandles.cpp, line 1125]
Event: 0.239 Thread 0x0000000000b20800 Exception <a 'java/lang/NoSuchFieldError': method resolution failed> (0x00000000d690d040) thrown at [C:\re\workspace\8-2-build-windows-amd64-cygwin\jdk8u51\3951\hotspot\src\share\vm\prims\methodHandles.cpp, line 1125]
Event: 0.608 Thread 0x0000000000b20800 Exception <a 'java/io/FileNotFoundException'> (0x00000000d6f5c938) thrown at [C:\re\workspace\8-2-build-windows-amd64-cygwin\jdk8u51\3951\hotspot\src\share\vm\prims\jni.cpp, line 709]
Event: 0.625 Thread 0x0000000000b20800 Exception <a 'java/io/FileNotFoundException'> (0x00000000d6f73028) thrown at [C:\re\workspace\8-2-build-windows-amd64-cygwin\jdk8u51\3951\hotspot\src\share\vm\prims\jni.cpp, line 709]
Event: 0.626 Thread 0x0000000000b20800 Exception <a 'java/io/FileNotFoundException'> (0x00000000d6f830b0) thrown at [C:\re\workspace\8-2-build-windows-amd64-cygwin\jdk8u51\3951\hotspot\src\share\vm\prims\jni.cpp, line 709]
Event: 0.642 Thread 0x0000000000b20800 Exception <a 'java/io/FileNotFoundException'> (0x00000000d6f99270) thrown at [C:\re\workspace\8-2-build-windows-amd64-cygwin\jdk8u51\3951\hotspot\src\share\vm\prims\jni.cpp, line 709]
Event: 3.567 Thread 0x00000000186fc800 Exception <a 'java/lang/NullPointerException'> (0x00000000d73676e0) thrown at [C:\re\workspace\8-2-build-windows-amd64-cygwin\jdk8u51\3951\hotspot\src\share\vm\interpreter\linkResolver.cpp, line 1178]

Events (10 events):
Event: 2.688 loading class javax/swing/JLayer done
Event: 2.698 loading class Controller/CommunicationWindowController
Event: 2.698 loading class Controller/CommunicationWindowController done
Event: 2.724 loading class java/awt/KeyboardFocusManager$2
Event: 2.724 loading class java/awt/KeyboardFocusManager$2 done
Event: 2.745 loading class java/awt/LightweightDispatcher$2
Event: 2.745 loading class java/awt/LightweightDispatcher$2 done
Event: 2.746 loading class javax/swing/RepaintManager$3
Event: 2.746 loading class javax/swing/RepaintManager$3 done
Event: 3.569 Thread 0x0000000018b9e000 Thread exited: 0x0000000018b9e000


Dynamic libraries:
0x00007ff6a5300000 - 0x00007ff6a5337000 	C:\Program Files\Java\jdk1.8.0_51\jre\bin\java.exe
0x00007ff879420000 - 0x00007ff8795e1000 	C:\WINDOWS\SYSTEM32\ntdll.dll
0x00007ff876600000 - 0x00007ff8766ad000 	C:\WINDOWS\system32\KERNEL32.DLL
0x00007ff86a050000 - 0x00007ff86a082000 	C:\Program Files (x86)\AVG\Av\avghooka.dll
0x00007ff875330000 - 0x00007ff875518000 	C:\WINDOWS\system32\KERNELBASE.dll
0x00007ff875ce0000 - 0x00007ff875d87000 	C:\WINDOWS\system32\ADVAPI32.dll
0x00007ff8766b0000 - 0x00007ff87674d000 	C:\WINDOWS\system32\msvcrt.dll
0x00007ff875660000 - 0x00007ff8756bb000 	C:\WINDOWS\system32\sechost.dll
0x00007ff8764e0000 - 0x00007ff8765fc000 	C:\WINDOWS\system32\RPCRT4.dll
0x00007ff875900000 - 0x00007ff875a56000 	C:\WINDOWS\system32\USER32.dll
0x00007ff877f50000 - 0x00007ff8780d6000 	C:\WINDOWS\system32\GDI32.dll
0x00007ff868580000 - 0x00007ff8687f4000 	C:\WINDOWS\WinSxS\amd64_microsoft.windows.common-controls_6595b64144ccf1df_6.0.10586.0_none_8c15ae12515e1c22\COMCTL32.dll
0x00007ff875a60000 - 0x00007ff875cdd000 	C:\WINDOWS\system32\combase.dll
0x00007ff874930000 - 0x00007ff87499a000 	C:\WINDOWS\system32\bcryptPrimitives.dll
0x00007ff8780e0000 - 0x00007ff87811b000 	C:\WINDOWS\system32\IMM32.DLL
0x0000000071510000 - 0x00000000715e2000 	C:\Program Files\Java\jdk1.8.0_51\jre\bin\msvcr100.dll
0x00000000715f0000 - 0x0000000071e73000 	C:\Program Files\Java\jdk1.8.0_51\jre\bin\server\jvm.dll
0x00007ff8764d0000 - 0x00007ff8764d8000 	C:\WINDOWS\system32\PSAPI.DLL
0x00007ff8688f0000 - 0x00007ff8688f9000 	C:\WINDOWS\SYSTEM32\WSOCK32.dll
0x00007ff8757e0000 - 0x00007ff87584b000 	C:\WINDOWS\system32\WS2_32.dll
0x00007ff872f60000 - 0x00007ff872f83000 	C:\WINDOWS\SYSTEM32\WINMM.dll
0x00007ff86a1f0000 - 0x00007ff86a1fa000 	C:\WINDOWS\SYSTEM32\VERSION.dll
0x00007ff872f30000 - 0x00007ff872f5c000 	C:\WINDOWS\SYSTEM32\WINMMBASE.dll
0x00007ff874880000 - 0x00007ff8748c3000 	C:\WINDOWS\system32\cfgmgr32.dll
0x00000000714c0000 - 0x00000000714cf000 	C:\Program Files\Java\jdk1.8.0_51\jre\bin\verify.dll
0x0000000071490000 - 0x00000000714b9000 	C:\Program Files\Java\jdk1.8.0_51\jre\bin\java.dll
0x0000000071470000 - 0x0000000071486000 	C:\Program Files\Java\jdk1.8.0_51\jre\bin\zip.dll
0x00007ff876900000 - 0x00007ff877e5f000 	C:\WINDOWS\system32\SHELL32.dll
0x00007ff874c20000 - 0x00007ff875264000 	C:\WINDOWS\system32\windows.storage.dll
0x00007ff875ee0000 - 0x00007ff875f32000 	C:\WINDOWS\system32\shlwapi.dll
0x00007ff874770000 - 0x00007ff87477f000 	C:\WINDOWS\system32\kernel.appcore.dll
0x00007ff875270000 - 0x00007ff875325000 	C:\WINDOWS\system32\shcore.dll
0x00007ff874780000 - 0x00007ff8747cb000 	C:\WINDOWS\system32\powrprof.dll
0x00007ff874750000 - 0x00007ff874764000 	C:\WINDOWS\system32\profapi.dll
0x0000000071290000 - 0x0000000071428000 	C:\Program Files\Java\jdk1.8.0_51\jre\bin\awt.dll
0x00007ff875590000 - 0x00007ff875651000 	C:\WINDOWS\system32\OLEAUT32.dll
0x00007ff873020000 - 0x00007ff873099000 	C:\WINDOWS\system32\apphelp.dll
0x00007ff8721f0000 - 0x00007ff872212000 	C:\WINDOWS\system32\DWMAPI.DLL
0x00007ff8730c0000 - 0x00007ff873156000 	C:\WINDOWS\system32\uxtheme.dll
0x00007ff876370000 - 0x00007ff8764ca000 	C:\WINDOWS\system32\MSCTF.dll
0x00007ff875d90000 - 0x00007ff875ed3000 	C:\WINDOWS\system32\ole32.dll
0x0000000071240000 - 0x0000000071287000 	C:\Program Files\Java\jdk1.8.0_51\jre\bin\fontmanager.dll
0x0000000071450000 - 0x000000007146a000 	C:\Program Files\Java\jdk1.8.0_51\jre\bin\net.dll
0x00007ff874010000 - 0x00007ff87406c000 	C:\WINDOWS\system32\mswsock.dll
0x0000000071430000 - 0x0000000071441000 	C:\Program Files\Java\jdk1.8.0_51\jre\bin\nio.dll
0x00000000711f0000 - 0x0000000071232000 	C:\Program Files\Java\jdk1.8.0_51\jre\bin\t2k.dll
0x0000000180000000 - 0x0000000180025000 	C:\Users\atahu\Documents\NetBeansProjects\JSerial-Port\lib\rxtxSerial.dll
0x00007ff875850000 - 0x00007ff8758f7000 	C:\WINDOWS\system32\clbcatq.dll
0x00007ff8713a0000 - 0x00007ff871551000 	C:\WINDOWS\SYSTEM32\WindowsCodecs.dll
0x00007ff860ef0000 - 0x00007ff860f3a000 	C:\WINDOWS\system32\dataexchange.dll
0x00007ff871f40000 - 0x00007ff8721e8000 	C:\WINDOWS\system32\d3d11.dll
0x00007ff872db0000 - 0x00007ff872e93000 	C:\WINDOWS\system32\dcomp.dll
0x00007ff871da0000 - 0x00007ff871e42000 	C:\WINDOWS\system32\dxgi.dll
0x00007ff873260000 - 0x00007ff873360000 	C:\WINDOWS\system32\twinapi.appcore.dll
0x00007ff874670000 - 0x00007ff874699000 	C:\WINDOWS\system32\bcrypt.dll
0x00007ff863dd0000 - 0x00007ff863f5c000 	C:\WINDOWS\SYSTEM32\dbghelp.dll

VM Arguments:
jvm_args: -Dfile.encoding=UTF-8 -Djava.library.path=C:\Users\atahu\Documents\NetBeansProjects\JSerial-Port\lib 
java_command: View.JSerialPort
java_class_path (initial): C:\Users\atahu\Documents\NetBeansProjects\JSerial-Port\Components\Windows\i368-mingw32;C:\Users\atahu\Documents\NetBeansProjects\JSerial-Port\Components\Windows\i368-mingw32\CopyLibs\org-netbeans-modules-java-j2seproject-copylibstask.jar;C:\Users\atahu\Documents\NetBeansProjects\JSerial-Port\Components\RXTXcomm.jar;C:\Users\atahu\Documents\NetBeansProjects\JSerial-Port\build\classes
Launcher Type: SUN_STANDARD

Environment Variables:
PATH=C:\Db\oraclexe\app\oracle\product\11.2.0\server\bin;C:\ProgrammingLanguages\Python343-x64;C:\ProgrammingLanguages\Python343-x64\Scripts;C:\ProgrammingLanguages\RailsInstaller\Ruby2.1.0\bin;C:\ProgrammingLanguages\Ruby22-x64\bin;C:\ProgramData\Oracle\Java\javapath;C:\WINDOWS\system32;C:\WINDOWS;C:\WINDOWS\System32\Wbem;C:\WINDOWS\System32\WindowsPowerShell\v1.0\;C:\Program Files\cURL\bin;C:\ProgrammingLanguages\nodejs\;C:\Apps\xampp\php;C:\ProgramData\ComposerSetup\bin;C:\WINDOWS\system32\config\systemprofile\.dnx\bin;C:\Program Files\Microsoft DNX\Dnvm\;C:\Program Files\MATLAB\MATLAB Production Server\R2015a\runtime\win64;C:\Program Files\MATLAB\MATLAB Production Server\R2015a\bin;C:\Program Files\MATLAB\MATLAB Production Server\R2015a\polyspace\bin;C:\Program Files\MATLAB\MATLAB Runtime\v85\runtime\win64;C:\Program Files (x86)\MySQL\MySQL Fabric 1.5.4 & MySQL Utilities 1.5.4 1.5\;C:\Program Files (x86)\MySQL\MySQL Fabric 1.5.4 & MySQL Utilities 1.5.4 1.5\Doctrine extensions for PHP\;C:\Program Files (x86)\OpenVPN\bin;C:\Program Files\Git\cmd;C:\Program Files (x86)\JasperStarter\bin;C:\Program Files\Sublime Text 2;C:\Users\atahu\AppData\Roaming\npm;C:\Tools\uru;C:\Db\PostgreSQL\9.4\bin;C:\Users\atahu\AppData\Local\Code\bin;C:\Users\atahu\AppData\Local\Programs\Git\cmd;C:\Users\atahu\AppData\Local\atom\bin
USERNAME=atahu
OS=Windows_NT
PROCESSOR_IDENTIFIER=Intel64 Family 6 Model 37 Stepping 5, GenuineIntel



---------------  S Y S T E M  ---------------

OS: Windows 10.0 , 64 bit Build 10586 (10.0.10586.0)

CPU:total 4 (2 cores per cpu, 2 threads per core) family 6 model 37 stepping 5, cmov, cx8, fxsr, mmx, sse, sse2, sse3, ssse3, sse4.1, sse4.2, popcnt, ht, tsc, tscinvbit

Memory: 4k page, physical 8181612k(4028736k free), swap 12900204k(6653888k free)

vm_info: Java HotSpot(TM) 64-Bit Server VM (25.51-b03) for windows-amd64 JRE (1.8.0_51-b16), built on Jun  8 2015 18:03:07 by "java_re" with MS VC++ 10.0 (VS2010)

time: Wed Jan 27 23:27:12 2016
elapsed time: 3 seconds (0d 0h 0m 3s)

