#
# A fatal error has been detected by the Java Runtime Environment:
#
#  EXCEPTION_ACCESS_VIOLATION (0xc0000005) at pc=0x00000001800051c0, pid=7208, tid=12612
#
# JRE version: Java(TM) SE Runtime Environment (8.0_51-b16) (build 1.8.0_51-b16)
# Java VM: Java HotSpot(TM) 64-Bit Server VM (25.51-b03 mixed mode windows-amd64 compressed oops)
# Problematic frame:
# C  [rxtxSerial.dll+0x51c0]
#
# Failed to write core dump. Minidumps are not enabled by default on client versions of Windows
#
# If you would like to submit a bug report, please visit:
#   http://bugreport.java.com/bugreport/crash.jsp
# The crash happened outside the Java Virtual Machine in native code.
# See problematic frame for where to report the bug.
#

---------------  T H R E A D  ---------------

Current thread (0x0000000018c61000):  JavaThread "Thread-3" [_thread_in_native, id=12612, stack(0x000000001a2c0000,0x000000001a3c0000)]

siginfo: ExceptionCode=0xc0000005, writing address 0x000000001a2bf208

Registers:
RAX=0x0000000000000000, RBX=0x0000000000000001, RCX=0x0000000000000014, RDX=0x0000000000000000
RSP=0x000000001a3bf510, RBP=0x0000000018c611f8, RSI=0x0000000000000015, RDI=0x0000000000000000
R8 =0x000000001a3bf468, R9 =0x0000000018c611f8, R10=0x0000000000000000, R11=0x0000000000000246
R12=0x000000001a2bf200, R13=0x0000000016870a20, R14=0x0000000000000000, R15=0x00000000ffffffff
RIP=0x00000001800051c0, EFLAGS=0x0000000000010246

Top of Stack: (sp=0x000000001a3bf510)
0x000000001a3bf510:   0000000000000001 0000000000000000
0x000000001a3bf520:   0000000000000000 0000000000000000
0x000000001a3bf530:   0000000018c523f0 0000000000000001
0x000000001a3bf540:   0000000018c61000 0000000071880ae3
0x000000001a3bf550:   0000000018c1c880 0000000018682080
0x000000001a3bf560:   0000000000000000 0000000018c61000
0x000000001a3bf570:   0000000018c61000 00000000718889c3
0x000000001a3bf580:   0000598fc5f0b536 0000000018682080
0x000000001a3bf590:   0000000018c61000 000000001a3bf660
0x000000001a3bf5a0:   0000000016870a20 0000000000000000
0x000000001a3bf5b0:   0000000002047ced 0000000018c61000
0x000000001a3bf5c0:   000000001a3bf640 0000000002053b54
0x000000001a3bf5d0:   fffffffe00000000 000000000000049c
0x000000001a3bf5e0:   0000000016870a28 000000007171cf70
0x000000001a3bf5f0:   0000000018c52a00 0000000000000000
0x000000001a3bf600:   000000001a3bf600 0000000000000000 

Instructions: (pc=0x00000001800051c0)
0x00000001800051a0:   00 85 c0 0f 88 93 00 00 00 74 06 03 f8 2b d8 eb
0x00000001800051b0:   0a b9 e8 03 00 00 e8 55 0f 00 00 83 ff 01 7c b0
0x00000001800051c0:   45 89 74 24 08 85 ff 0f 89 cc 00 00 00 e8 aa 55
0x00000001800051d0:   00 00 8b 08 e8 bf 54 00 00 4c 8b 45 00 48 8d 15 


Register to memory mapping:

RAX=0x0000000000000000 is an unknown value
RBX=0x0000000000000001 is an unknown value
RCX=0x0000000000000014 is an unknown value
RDX=0x0000000000000000 is an unknown value
RSP=0x000000001a3bf510 is pointing into the stack for thread: 0x0000000018c61000
RBP=0x0000000018c611f8 is an unknown value
RSI=0x0000000000000015 is an unknown value
RDI=0x0000000000000000 is an unknown value
R8 =0x000000001a3bf468 is pointing into the stack for thread: 0x0000000018c61000
R9 =0x0000000018c611f8 is an unknown value
R10=0x0000000000000000 is an unknown value
R11=0x0000000000000246 is an unknown value
R12=0x000000001a2bf200 is an unknown value
R13=0x0000000016870a20 is pointing into metadata
R14=0x0000000000000000 is an unknown value
R15=0x00000000ffffffff is an unallocated location in the heap


Stack: [0x000000001a2c0000,0x000000001a3c0000],  sp=0x000000001a3bf510,  free space=1021k
Native frames: (J=compiled Java code, j=interpreted, Vv=VM code, C=native code)
C  [rxtxSerial.dll+0x51c0]
C  0x0000000002053b54

Java frames: (J=compiled Java code, j=interpreted, Vv=VM code)
j  gnu.io.RXTXPort.readByte()I+0
j  gnu.io.RXTXPort$SerialInputStream.read()I+81
j  Model.CommPortReceiver.run()V+4
v  ~StubRoutines::call_stub

---------------  P R O C E S S  ---------------

Java Threads: ( => current thread )
  0x0000000018cce000 JavaThread "TimerQueue" daemon [_thread_blocked, id=12512, stack(0x000000001a5c0000,0x000000001a6c0000)]
=>0x0000000018c61000 JavaThread "Thread-3" [_thread_in_native, id=12612, stack(0x000000001a2c0000,0x000000001a3c0000)]
  0x0000000001f40800 JavaThread "DestroyJavaVM" [_thread_blocked, id=12280, stack(0x00000000006c0000,0x00000000007c0000)]
  0x00000000186dd800 JavaThread "AWT-EventQueue-0" [_thread_blocked, id=12776, stack(0x00000000199f0000,0x0000000019af0000)]
  0x0000000018b61000 JavaThread "AWT-Windows" daemon [_thread_in_native, id=13332, stack(0x0000000019420000,0x0000000019520000)]
  0x0000000018b60000 JavaThread "AWT-Shutdown" [_thread_blocked, id=14032, stack(0x0000000019320000,0x0000000019420000)]
  0x0000000018b5c800 JavaThread "Java2D Disposer" daemon [_thread_blocked, id=9704, stack(0x00000000189c0000,0x0000000018ac0000)]
  0x0000000018308800 JavaThread "Service Thread" daemon [_thread_blocked, id=14676, stack(0x00000000186e0000,0x00000000187e0000)]
  0x0000000016a98800 JavaThread "C1 CompilerThread2" daemon [_thread_blocked, id=7356, stack(0x00000000181e0000,0x00000000182e0000)]
  0x0000000016a92800 JavaThread "C2 CompilerThread1" daemon [_thread_blocked, id=13852, stack(0x00000000180e0000,0x00000000181e0000)]
  0x0000000016a8d000 JavaThread "C2 CompilerThread0" daemon [_thread_blocked, id=8232, stack(0x0000000017fe0000,0x00000000180e0000)]
  0x0000000016a8c000 JavaThread "Attach Listener" daemon [_thread_blocked, id=12304, stack(0x0000000017ee0000,0x0000000017fe0000)]
  0x0000000016a8b000 JavaThread "Signal Dispatcher" daemon [_thread_blocked, id=10612, stack(0x0000000017de0000,0x0000000017ee0000)]
  0x0000000002039000 JavaThread "Finalizer" daemon [_thread_blocked, id=12852, stack(0x0000000017ce0000,0x0000000017de0000)]
  0x0000000002030800 JavaThread "Reference Handler" daemon [_thread_blocked, id=11656, stack(0x0000000017be0000,0x0000000017ce0000)]

Other Threads:
  0x0000000016a56800 VMThread [stack: 0x0000000017ae0000,0x0000000017be0000] [id=10872]
  0x0000000018316000 WatcherThread [stack: 0x00000000187e0000,0x00000000188e0000] [id=15132]

VM state:not at safepoint (normal execution)

VM Mutex/Monitor currently owned by a thread: None

Heap:
 PSYoungGen      total 37888K, used 15930K [0x00000000d6600000, 0x00000000d9000000, 0x0000000100000000)
  eden space 32768K, 48% used [0x00000000d6600000,0x00000000d758e8a0,0x00000000d8600000)
  from space 5120K, 0% used [0x00000000d8b00000,0x00000000d8b00000,0x00000000d9000000)
  to   space 5120K, 0% used [0x00000000d8600000,0x00000000d8600000,0x00000000d8b00000)
 ParOldGen       total 86016K, used 0K [0x0000000083200000, 0x0000000088600000, 0x00000000d6600000)
  object space 86016K, 0% used [0x0000000083200000,0x0000000083200000,0x0000000088600000)
 Metaspace       used 12228K, capacity 12510K, committed 12672K, reserved 1060864K
  class space    used 1556K, capacity 1643K, committed 1664K, reserved 1048576K

Card table byte_map: [0x0000000011400000,0x00000000117f0000] byte_map_base: 0x0000000010fe7000

Marking Bits: (ParMarkBitMap*) 0x0000000071df4040
 Begin Bits: [0x0000000011e90000, 0x0000000013dc8000)
 End Bits:   [0x0000000013dc8000, 0x0000000015d00000)

Polling page: 0x0000000000520000

CodeCache: size=245760Kb used=3593Kb max_used=3593Kb free=242166Kb
 bounds [0x0000000002040000, 0x00000000023d0000, 0x0000000011040000]
 total_blobs=1535 nmethods=1057 adapters=391
 compilation: enabled

Compilation events (10 events):
Event: 5.734 Thread 0x0000000016a98800 1055       3       sun.font.CMap$CMapFormat4::getGlyph (186 bytes)
Event: 5.735 Thread 0x0000000016a98800 nmethod 1055 0x00000000023c2b90 code [0x00000000023c2d40, 0x00000000023c33a8]
Event: 5.735 Thread 0x0000000016a98800 1056       3       sun.java2d.SunGraphics2D::invalidatePipe (41 bytes)
Event: 5.735 Thread 0x0000000016a98800 nmethod 1056 0x00000000023c3910 code [0x00000000023c3a60, 0x00000000023c3c30]
Event: 5.735 Thread 0x0000000016a98800 1054       1       sun.awt.image.VolatileSurfaceManager::getPrimarySurfaceData (5 bytes)
Event: 5.735 Thread 0x0000000016a98800 nmethod 1054 0x00000000023c3c90 code [0x00000000023c3de0, 0x00000000023c3ef0]
Event: 5.735 Thread 0x0000000016a98800 1052       1       javax.swing.RepaintManager::isDoubleBufferingEnabled (5 bytes)
Event: 5.736 Thread 0x0000000016a98800 nmethod 1052 0x00000000023c3f50 code [0x00000000023c40a0, 0x00000000023c41b0]
Event: 5.969 Thread 0x0000000016a98800 1057       3       sun.java2d.SunGraphics2D::setColor (108 bytes)
Event: 5.970 Thread 0x0000000016a98800 nmethod 1057 0x00000000023c4210 code [0x00000000023c43a0, 0x00000000023c48b8]

GC Heap History (0 events):
No events

Deoptimization events (2 events):
Event: 0.601 Thread 0x0000000001f40800 Uncommon trap: reason=predicate action=maybe_recompile pc=0x000000000225b4e8 method=java.util.ArrayList.indexOf(Ljava/lang/Object;)I @ 44
Event: 1.637 Thread 0x00000000186dd800 Uncommon trap: reason=class_check action=maybe_recompile pc=0x00000000021c2e68 method=java.lang.String.equals(Ljava/lang/Object;)Z @ 8

Internal exceptions (10 events):
Event: 0.168 Thread 0x0000000001f40800 Exception <a 'java/security/PrivilegedActionException'> (0x00000000d6807570) thrown at [C:\re\workspace\8-2-build-windows-amd64-cygwin\jdk8u51\3951\hotspot\src\share\vm\prims\jvm.cpp, line 1382]
Event: 0.173 Thread 0x0000000001f40800 Exception <a 'java/io/FileNotFoundException'> (0x00000000d6809c80) thrown at [C:\re\workspace\8-2-build-windows-amd64-cygwin\jdk8u51\3951\hotspot\src\share\vm\prims\jni.cpp, line 709]
Event: 0.202 Thread 0x0000000001f40800 Exception <a 'java/io/FileNotFoundException'> (0x00000000d682ac28) thrown at [C:\re\workspace\8-2-build-windows-amd64-cygwin\jdk8u51\3951\hotspot\src\share\vm\prims\jni.cpp, line 709]
Event: 0.250 Thread 0x0000000001f40800 Exception <a 'java/lang/NoSuchFieldError': method resolution failed> (0x00000000d68fe7c8) thrown at [C:\re\workspace\8-2-build-windows-amd64-cygwin\jdk8u51\3951\hotspot\src\share\vm\prims\methodHandles.cpp, line 1125]
Event: 0.254 Thread 0x0000000001f40800 Exception <a 'java/lang/NoSuchFieldError': method resolution failed> (0x00000000d690d188) thrown at [C:\re\workspace\8-2-build-windows-amd64-cygwin\jdk8u51\3951\hotspot\src\share\vm\prims\methodHandles.cpp, line 1125]
Event: 0.648 Thread 0x0000000001f40800 Exception <a 'java/io/FileNotFoundException'> (0x00000000d6f5e6d8) thrown at [C:\re\workspace\8-2-build-windows-amd64-cygwin\jdk8u51\3951\hotspot\src\share\vm\prims\jni.cpp, line 709]
Event: 0.665 Thread 0x0000000001f40800 Exception <a 'java/io/FileNotFoundException'> (0x00000000d6f74dc8) thrown at [C:\re\workspace\8-2-build-windows-amd64-cygwin\jdk8u51\3951\hotspot\src\share\vm\prims\jni.cpp, line 709]
Event: 0.667 Thread 0x0000000001f40800 Exception <a 'java/io/FileNotFoundException'> (0x00000000d6f84e50) thrown at [C:\re\workspace\8-2-build-windows-amd64-cygwin\jdk8u51\3951\hotspot\src\share\vm\prims\jni.cpp, line 709]
Event: 0.683 Thread 0x0000000001f40800 Exception <a 'java/io/FileNotFoundException'> (0x00000000d6f9b030) thrown at [C:\re\workspace\8-2-build-windows-amd64-cygwin\jdk8u51\3951\hotspot\src\share\vm\prims\jni.cpp, line 709]
Event: 6.076 Thread 0x00000000186dd800 Exception <a 'java/lang/NullPointerException'> (0x00000000d7451540) thrown at [C:\re\workspace\8-2-build-windows-amd64-cygwin\jdk8u51\3951\hotspot\src\share\vm\interpreter\linkResolver.cpp, line 1178]

Events (10 events):
Event: 2.639 loading class java/util/concurrent/TimeUnit$5 done
Event: 2.639 loading class java/util/concurrent/TimeUnit$6
Event: 2.639 loading class java/util/concurrent/TimeUnit$6 done
Event: 2.639 loading class java/util/concurrent/TimeUnit$7
Event: 2.640 loading class java/util/concurrent/TimeUnit$7 done
Event: 4.140 Executing VM operation: EnableBiasedLocking
Event: 4.140 Executing VM operation: EnableBiasedLocking done
Event: 4.160 loading class javax/swing/Timer$1
Event: 4.160 loading class javax/swing/Timer$1 done
Event: 6.078 Thread 0x0000000018c60000 Thread exited: 0x0000000018c60000


Dynamic libraries:
0x00007ff6a5300000 - 0x00007ff6a5337000 	C:\Program Files\Java\jdk1.8.0_51\jre\bin\java.exe
0x00007ff879420000 - 0x00007ff8795e1000 	C:\WINDOWS\SYSTEM32\ntdll.dll
0x00007ff876600000 - 0x00007ff8766ad000 	C:\WINDOWS\system32\KERNEL32.DLL
0x00007ff86a050000 - 0x00007ff86a082000 	C:\Program Files (x86)\AVG\Av\avghooka.dll
0x00007ff875330000 - 0x00007ff875518000 	C:\WINDOWS\system32\KERNELBASE.dll
0x00007ff875ce0000 - 0x00007ff875d87000 	C:\WINDOWS\system32\ADVAPI32.dll
0x00007ff8766b0000 - 0x00007ff87674d000 	C:\WINDOWS\system32\msvcrt.dll
0x00007ff875660000 - 0x00007ff8756bb000 	C:\WINDOWS\system32\sechost.dll
0x00007ff8764e0000 - 0x00007ff8765fc000 	C:\WINDOWS\system32\RPCRT4.dll
0x00007ff875900000 - 0x00007ff875a56000 	C:\WINDOWS\system32\USER32.dll
0x00007ff877f50000 - 0x00007ff8780d6000 	C:\WINDOWS\system32\GDI32.dll
0x00007ff868580000 - 0x00007ff8687f4000 	C:\WINDOWS\WinSxS\amd64_microsoft.windows.common-controls_6595b64144ccf1df_6.0.10586.0_none_8c15ae12515e1c22\COMCTL32.dll
0x00007ff875a60000 - 0x00007ff875cdd000 	C:\WINDOWS\system32\combase.dll
0x00007ff874930000 - 0x00007ff87499a000 	C:\WINDOWS\system32\bcryptPrimitives.dll
0x00007ff8780e0000 - 0x00007ff87811b000 	C:\WINDOWS\system32\IMM32.DLL
0x0000000071510000 - 0x00000000715e2000 	C:\Program Files\Java\jdk1.8.0_51\jre\bin\msvcr100.dll
0x00000000715f0000 - 0x0000000071e73000 	C:\Program Files\Java\jdk1.8.0_51\jre\bin\server\jvm.dll
0x00007ff8764d0000 - 0x00007ff8764d8000 	C:\WINDOWS\system32\PSAPI.DLL
0x00007ff8688f0000 - 0x00007ff8688f9000 	C:\WINDOWS\SYSTEM32\WSOCK32.dll
0x00007ff8757e0000 - 0x00007ff87584b000 	C:\WINDOWS\system32\WS2_32.dll
0x00007ff872f60000 - 0x00007ff872f83000 	C:\WINDOWS\SYSTEM32\WINMM.dll
0x00007ff86a1f0000 - 0x00007ff86a1fa000 	C:\WINDOWS\SYSTEM32\VERSION.dll
0x00007ff872f30000 - 0x00007ff872f5c000 	C:\WINDOWS\SYSTEM32\WINMMBASE.dll
0x00007ff874880000 - 0x00007ff8748c3000 	C:\WINDOWS\system32\cfgmgr32.dll
0x00000000714c0000 - 0x00000000714cf000 	C:\Program Files\Java\jdk1.8.0_51\jre\bin\verify.dll
0x0000000071490000 - 0x00000000714b9000 	C:\Program Files\Java\jdk1.8.0_51\jre\bin\java.dll
0x0000000071470000 - 0x0000000071486000 	C:\Program Files\Java\jdk1.8.0_51\jre\bin\zip.dll
0x00007ff876900000 - 0x00007ff877e5f000 	C:\WINDOWS\system32\SHELL32.dll
0x00007ff874c20000 - 0x00007ff875264000 	C:\WINDOWS\system32\windows.storage.dll
0x00007ff875ee0000 - 0x00007ff875f32000 	C:\WINDOWS\system32\shlwapi.dll
0x00007ff874770000 - 0x00007ff87477f000 	C:\WINDOWS\system32\kernel.appcore.dll
0x00007ff875270000 - 0x00007ff875325000 	C:\WINDOWS\system32\shcore.dll
0x00007ff874780000 - 0x00007ff8747cb000 	C:\WINDOWS\system32\powrprof.dll
0x00007ff874750000 - 0x00007ff874764000 	C:\WINDOWS\system32\profapi.dll
0x0000000071290000 - 0x0000000071428000 	C:\Program Files\Java\jdk1.8.0_51\jre\bin\awt.dll
0x00007ff875590000 - 0x00007ff875651000 	C:\WINDOWS\system32\OLEAUT32.dll
0x00007ff873020000 - 0x00007ff873099000 	C:\WINDOWS\system32\apphelp.dll
0x00007ff8721f0000 - 0x00007ff872212000 	C:\WINDOWS\system32\DWMAPI.DLL
0x00007ff8730c0000 - 0x00007ff873156000 	C:\WINDOWS\system32\uxtheme.dll
0x00007ff876370000 - 0x00007ff8764ca000 	C:\WINDOWS\system32\MSCTF.dll
0x00007ff875d90000 - 0x00007ff875ed3000 	C:\WINDOWS\system32\ole32.dll
0x0000000071240000 - 0x0000000071287000 	C:\Program Files\Java\jdk1.8.0_51\jre\bin\fontmanager.dll
0x0000000071450000 - 0x000000007146a000 	C:\Program Files\Java\jdk1.8.0_51\jre\bin\net.dll
0x00007ff874010000 - 0x00007ff87406c000 	C:\WINDOWS\system32\mswsock.dll
0x0000000071430000 - 0x0000000071441000 	C:\Program Files\Java\jdk1.8.0_51\jre\bin\nio.dll
0x00000000711f0000 - 0x0000000071232000 	C:\Program Files\Java\jdk1.8.0_51\jre\bin\t2k.dll
0x0000000180000000 - 0x0000000180025000 	C:\Users\atahu\Documents\NetBeansProjects\JSerial-Port\lib\rxtxSerial.dll
0x00007ff875850000 - 0x00007ff8758f7000 	C:\WINDOWS\system32\clbcatq.dll
0x00007ff8713a0000 - 0x00007ff871551000 	C:\WINDOWS\SYSTEM32\WindowsCodecs.dll
0x00007ff860ef0000 - 0x00007ff860f3a000 	C:\WINDOWS\system32\dataexchange.dll
0x00007ff871f40000 - 0x00007ff8721e8000 	C:\WINDOWS\system32\d3d11.dll
0x00007ff872db0000 - 0x00007ff872e93000 	C:\WINDOWS\system32\dcomp.dll
0x00007ff871da0000 - 0x00007ff871e42000 	C:\WINDOWS\system32\dxgi.dll
0x00007ff873260000 - 0x00007ff873360000 	C:\WINDOWS\system32\twinapi.appcore.dll
0x00007ff874670000 - 0x00007ff874699000 	C:\WINDOWS\system32\bcrypt.dll
0x00007ff863dd0000 - 0x00007ff863f5c000 	C:\WINDOWS\SYSTEM32\dbghelp.dll

VM Arguments:
jvm_args: -Dfile.encoding=UTF-8 -Djava.library.path=C:\Users\atahu\Documents\NetBeansProjects\JSerial-Port\lib 
java_command: View.JSerialPort
java_class_path (initial): C:\Users\atahu\Documents\NetBeansProjects\JSerial-Port\Components\Windows\i368-mingw32;C:\Users\atahu\Documents\NetBeansProjects\JSerial-Port\Components\Windows\i368-mingw32\CopyLibs\org-netbeans-modules-java-j2seproject-copylibstask.jar;C:\Users\atahu\Documents\NetBeansProjects\JSerial-Port\Components\RXTXcomm.jar;C:\Users\atahu\Documents\NetBeansProjects\JSerial-Port\build\classes
Launcher Type: SUN_STANDARD

Environment Variables:
PATH=C:\Db\oraclexe\app\oracle\product\11.2.0\server\bin;C:\ProgrammingLanguages\Python343-x64;C:\ProgrammingLanguages\Python343-x64\Scripts;C:\ProgrammingLanguages\RailsInstaller\Ruby2.1.0\bin;C:\ProgrammingLanguages\Ruby22-x64\bin;C:\ProgramData\Oracle\Java\javapath;C:\WINDOWS\system32;C:\WINDOWS;C:\WINDOWS\System32\Wbem;C:\WINDOWS\System32\WindowsPowerShell\v1.0\;C:\Program Files\cURL\bin;C:\ProgrammingLanguages\nodejs\;C:\Apps\xampp\php;C:\ProgramData\ComposerSetup\bin;C:\WINDOWS\system32\config\systemprofile\.dnx\bin;C:\Program Files\Microsoft DNX\Dnvm\;C:\Program Files\MATLAB\MATLAB Production Server\R2015a\runtime\win64;C:\Program Files\MATLAB\MATLAB Production Server\R2015a\bin;C:\Program Files\MATLAB\MATLAB Production Server\R2015a\polyspace\bin;C:\Program Files\MATLAB\MATLAB Runtime\v85\runtime\win64;C:\Program Files (x86)\MySQL\MySQL Fabric 1.5.4 & MySQL Utilities 1.5.4 1.5\;C:\Program Files (x86)\MySQL\MySQL Fabric 1.5.4 & MySQL Utilities 1.5.4 1.5\Doctrine extensions for PHP\;C:\Program Files (x86)\OpenVPN\bin;C:\Program Files\Git\cmd;C:\Program Files (x86)\JasperStarter\bin;C:\Program Files\Sublime Text 2;C:\Users\atahu\AppData\Roaming\npm;C:\Tools\uru;C:\Db\PostgreSQL\9.4\bin;C:\Users\atahu\AppData\Local\Code\bin;C:\Users\atahu\AppData\Local\Programs\Git\cmd;C:\Users\atahu\AppData\Local\atom\bin
USERNAME=atahu
OS=Windows_NT
PROCESSOR_IDENTIFIER=Intel64 Family 6 Model 37 Stepping 5, GenuineIntel



---------------  S Y S T E M  ---------------

OS: Windows 10.0 , 64 bit Build 10586 (10.0.10586.0)

CPU:total 4 (2 cores per cpu, 2 threads per core) family 6 model 37 stepping 5, cmov, cx8, fxsr, mmx, sse, sse2, sse3, ssse3, sse4.1, sse4.2, popcnt, ht, tsc, tscinvbit

Memory: 4k page, physical 8181612k(3440196k free), swap 12900204k(5728228k free)

vm_info: Java HotSpot(TM) 64-Bit Server VM (25.51-b03) for windows-amd64 JRE (1.8.0_51-b16), built on Jun  8 2015 18:03:07 by "java_re" with MS VC++ 10.0 (VS2010)

time: Wed Jan 27 23:37:29 2016
elapsed time: 6 seconds (0d 0h 0m 6s)

