#
# A fatal error has been detected by the Java Runtime Environment:
#
#  EXCEPTION_ACCESS_VIOLATION (0xc0000005) at pc=0x0000000180005156, pid=6760, tid=8356
#
# JRE version: Java(TM) SE Runtime Environment (8.0_51-b16) (build 1.8.0_51-b16)
# Java VM: Java HotSpot(TM) 64-Bit Server VM (25.51-b03 mixed mode windows-amd64 compressed oops)
# Problematic frame:
# C  [rxtxSerial.dll+0x5156]
#
# Failed to write core dump. Minidumps are not enabled by default on client versions of Windows
#
# If you would like to submit a bug report, please visit:
#   http://bugreport.java.com/bugreport/crash.jsp
# The crash happened outside the Java Virtual Machine in native code.
# See problematic frame for where to report the bug.
#

---------------  T H R E A D  ---------------

Current thread (0x0000000018b96800):  JavaThread "Thread-3" [_thread_in_native, id=8356, stack(0x000000001a2c0000,0x000000001a3c0000)]

siginfo: ExceptionCode=0xc0000005, reading address 0x000000001a2bf208

Registers:
RAX=0x000000001a2bf200, RBX=0x0000000000000001, RCX=0x000000018001d4d5, RDX=0xfffffffffffff665
RSP=0x000000001a3bf210, RBP=0x0000000018b969f8, RSI=0x0000000000000000, RDI=0x0000000000000000
R8 =0x0000000000000002, R9 =0xfffffffffffff63c, R10=0x0000000000000046, R11=0x8101010101010100
R12=0x000000001a2bf200, R13=0x0000000002413934, R14=0x000000001a3bf330, R15=0x00000000ffffffff
RIP=0x0000000180005156, EFLAGS=0x0000000000010206

Top of Stack: (sp=0x000000001a3bf210)
0x000000001a3bf210:   000000001a3bf2f0 0000000018b969f8
0x000000001a3bf220:   0000000000000000 0000000000000000
0x000000001a3bf230:   0000000000000000 0000000000000001
0x000000001a3bf240:   0000000018b60a90 00000000187adac0
0x000000001a3bf250:   0000000000000000 0000000019c7df20
0x000000001a3bf260:   0000000018b96800 00000000718889c3
0x000000001a3bf270:   00000000fffffffd 00000000187adac0
0x000000001a3bf280:   000059805b13110d 0000000019c7de48
0x000000001a3bf290:   0000000018b96800 000000001a3bf330
0x000000001a3bf2a0:   0000000002413934 0000000000000000
0x000000001a3bf2b0:   0000000100064f28 00000000d7112cb8
0x000000001a3bf2c0:   000000001a3bf330 0000000002413379
0x000000001a3bf2d0:   000000001a3bf2d0 0000000019c7a900
0x000000001a3bf2e0:   0000000019cf3fe0 0000000019c7acb0
0x000000001a3bf2f0:   00000000d7112cb8 0000000019c7a978
0x000000001a3bf300:   0000000000000000 000000001a3bf340 

Instructions: (pc=0x0000000180005156)
0x0000000180005136:   8d 05 d4 79 01 00 48 8b d3 48 8b cd 44 8b f8 89
0x0000000180005146:   7c 24 24 8b f7 e8 c0 e6 ff ff 8d 5f 01 4c 63 e0
0x0000000180005156:   45 8b 74 24 08 41 89 7c 24 08 45 85 ff 78 0b ff
0x0000000180005166:   15 95 1e 01 00 89 44 24 24 90 8b ce ff c6 83 f9 


Register to memory mapping:

RAX=0x000000001a2bf200 is an unknown value
RBX=0x0000000000000001 is an unknown value
RCX=0x000000018001d4d5 is an unknown value
RDX=0xfffffffffffff665 is an unknown value
RSP=0x000000001a3bf210 is pointing into the stack for thread: 0x0000000018b96800
RBP=0x0000000018b969f8 is an unknown value
RSI=0x0000000000000000 is an unknown value
RDI=0x0000000000000000 is an unknown value
R8 =0x0000000000000002 is an unknown value
R9 =0xfffffffffffff63c is an unknown value
R10=0x0000000000000046 is an unknown value
R11=0x8101010101010100 is an unknown value
R12=0x000000001a2bf200 is an unknown value
R13=0x0000000002413934 is at entry_point+596 in (nmethod*)0x00000000024134d0
R14=0x000000001a3bf330 is pointing into the stack for thread: 0x0000000018b96800
R15=0x00000000ffffffff is an unallocated location in the heap


Stack: [0x000000001a2c0000,0x000000001a3c0000],  sp=0x000000001a3bf210,  free space=1020k
Native frames: (J=compiled Java code, j=interpreted, Vv=VM code, C=native code)
C  [rxtxSerial.dll+0x5156]
C  0x0000000002413379

Java frames: (J=compiled Java code, j=interpreted, Vv=VM code)
J 941  gnu.io.RXTXPort.readByte()I (0 bytes) @ 0x00000000024132fb [0x00000000024132c0+0x3b]
J 940 C1 gnu.io.RXTXPort$SerialInputStream.read()I (167 bytes) @ 0x0000000002413cec [0x00000000024136e0+0x60c]
j  Model.CommPortReceiver.run()V+4
v  ~StubRoutines::call_stub

---------------  P R O C E S S  ---------------

Java Threads: ( => current thread )
  0x0000000018c02800 JavaThread "TimerQueue" daemon [_thread_blocked, id=8384, stack(0x000000001a5c0000,0x000000001a6c0000)]
=>0x0000000018b96800 JavaThread "Thread-3" [_thread_in_native, id=8356, stack(0x000000001a2c0000,0x000000001a3c0000)]
  0x0000000000b70800 JavaThread "DestroyJavaVM" [_thread_blocked, id=2644, stack(0x0000000000990000,0x0000000000a90000)]
  0x0000000018aec000 JavaThread "AWT-EventQueue-0" [_thread_blocked, id=14388, stack(0x0000000019a60000,0x0000000019b60000)]
  0x0000000018aa7000 JavaThread "AWT-Windows" daemon [_thread_in_native, id=14532, stack(0x0000000019490000,0x0000000019590000)]
  0x0000000018aa5000 JavaThread "AWT-Shutdown" [_thread_blocked, id=9228, stack(0x0000000019390000,0x0000000019490000)]
  0x0000000018a9f800 JavaThread "Java2D Disposer" daemon [_thread_blocked, id=9496, stack(0x0000000019290000,0x0000000019390000)]
  0x00000000183e0800 JavaThread "Service Thread" daemon [_thread_blocked, id=11516, stack(0x00000000187b0000,0x00000000188b0000)]
  0x0000000016b67000 JavaThread "C1 CompilerThread2" daemon [_thread_blocked, id=13140, stack(0x00000000182b0000,0x00000000183b0000)]
  0x0000000016b60000 JavaThread "C2 CompilerThread1" daemon [_thread_blocked, id=8684, stack(0x00000000181b0000,0x00000000182b0000)]
  0x0000000016b5d000 JavaThread "C2 CompilerThread0" daemon [_thread_blocked, id=3868, stack(0x00000000180b0000,0x00000000181b0000)]
  0x0000000016b5c000 JavaThread "Attach Listener" daemon [_thread_blocked, id=1680, stack(0x0000000017fb0000,0x00000000180b0000)]
  0x0000000016b5a800 JavaThread "Signal Dispatcher" daemon [_thread_blocked, id=12828, stack(0x0000000017eb0000,0x0000000017fb0000)]
  0x0000000000c67800 JavaThread "Finalizer" daemon [_thread_blocked, id=8252, stack(0x0000000017db0000,0x0000000017eb0000)]
  0x0000000000c5f000 JavaThread "Reference Handler" daemon [_thread_blocked, id=15260, stack(0x0000000017cb0000,0x0000000017db0000)]

Other Threads:
  0x0000000016b27000 VMThread [stack: 0x0000000017bb0000,0x0000000017cb0000] [id=9608]
  0x00000000183f3800 WatcherThread [stack: 0x00000000188b0000,0x00000000189b0000] [id=12576]

VM state:not at safepoint (normal execution)

VM Mutex/Monitor currently owned by a thread: None

Heap:
 PSYoungGen      total 37888K, used 17239K [0x00000000d6600000, 0x00000000d9000000, 0x0000000100000000)
  eden space 32768K, 52% used [0x00000000d6600000,0x00000000d76d5fc0,0x00000000d8600000)
  from space 5120K, 0% used [0x00000000d8b00000,0x00000000d8b00000,0x00000000d9000000)
  to   space 5120K, 0% used [0x00000000d8600000,0x00000000d8600000,0x00000000d8b00000)
 ParOldGen       total 86016K, used 0K [0x0000000083200000, 0x0000000088600000, 0x00000000d6600000)
  object space 86016K, 0% used [0x0000000083200000,0x0000000083200000,0x0000000088600000)
 Metaspace       used 12681K, capacity 12926K, committed 13056K, reserved 1060864K
  class space    used 1594K, capacity 1675K, committed 1792K, reserved 1048576K

Card table byte_map: [0x00000000114d0000,0x00000000118c0000] byte_map_base: 0x00000000110b7000

Marking Bits: (ParMarkBitMap*) 0x0000000071df4040
 Begin Bits: [0x0000000011f60000, 0x0000000013e98000)
 End Bits:   [0x0000000013e98000, 0x0000000015dd0000)

Polling page: 0x0000000000610000

CodeCache: size=245760Kb used=4821Kb max_used=4850Kb free=240938Kb
 bounds [0x0000000002110000, 0x00000000025d0000, 0x0000000011110000]
 total_blobs=1926 nmethods=1446 adapters=393
 compilation: enabled

Compilation events (10 events):
Event: 60.128 Thread 0x0000000016b67000 1443       1       sun.awt.windows.WToolkit::needUpdateWindow (2 bytes)
Event: 60.128 Thread 0x0000000016b67000 nmethod 1443 0x00000000025ba810 code [0x00000000025ba960, 0x00000000025baa70]
Event: 67.216 Thread 0x0000000016b67000 1444       3       java.util.HashSet::iterator (13 bytes)
Event: 67.216 Thread 0x0000000016b67000 nmethod 1444 0x00000000025baad0 code [0x00000000025bac40, 0x00000000025baf18]
Event: 70.862 Thread 0x0000000016b60000 1445   !   4       sun.awt.PostEventQueue::flush (168 bytes)
Event: 71.029 Thread 0x0000000016b60000 nmethod 1445 0x00000000025c3150 code [0x00000000025c3620, 0x00000000025c8a18]
Event: 72.391 Thread 0x0000000016b67000 1446       3       java.awt.Component::getContainingWindow (5 bytes)
Event: 72.392 Thread 0x0000000016b67000 nmethod 1446 0x00000000025c2950 code [0x00000000025c2ae0, 0x00000000025c3008]
Event: 72.394 Thread 0x0000000016b67000 1447  s    3       javax.swing.RepaintManager$ProcessingRunnable::markPending (16 bytes)
Event: 72.394 Thread 0x0000000016b67000 nmethod 1447 0x00000000025c23d0 code [0x00000000025c2540, 0x00000000025c2890]

GC Heap History (0 events):
No events

Deoptimization events (5 events):
Event: 0.564 Thread 0x0000000000b70800 Uncommon trap: reason=predicate action=maybe_recompile pc=0x0000000002334c68 method=java.util.ArrayList.indexOf(Ljava/lang/Object;)I @ 44
Event: 2.600 Thread 0x0000000018aec000 Uncommon trap: reason=class_check action=maybe_recompile pc=0x0000000002292168 method=java.lang.String.equals(Ljava/lang/Object;)Z @ 8
Event: 42.559 Thread 0x0000000018aec000 Uncommon trap: reason=class_check action=maybe_recompile pc=0x0000000002292168 method=java.lang.String.equals(Ljava/lang/Object;)Z @ 8
Event: 42.559 Thread 0x0000000018aec000 Uncommon trap: reason=class_check action=maybe_recompile pc=0x0000000002292168 method=java.lang.String.equals(Ljava/lang/Object;)Z @ 8
Event: 42.560 Thread 0x0000000018aec000 Uncommon trap: reason=class_check action=maybe_recompile pc=0x0000000002292168 method=java.lang.String.equals(Ljava/lang/Object;)Z @ 8

Internal exceptions (10 events):
Event: 0.147 Thread 0x0000000000b70800 Exception <a 'java/security/PrivilegedActionException'> (0x00000000d6807570) thrown at [C:\re\workspace\8-2-build-windows-amd64-cygwin\jdk8u51\3951\hotspot\src\share\vm\prims\jvm.cpp, line 1382]
Event: 0.152 Thread 0x0000000000b70800 Exception <a 'java/io/FileNotFoundException'> (0x00000000d6809c80) thrown at [C:\re\workspace\8-2-build-windows-amd64-cygwin\jdk8u51\3951\hotspot\src\share\vm\prims\jni.cpp, line 709]
Event: 0.182 Thread 0x0000000000b70800 Exception <a 'java/io/FileNotFoundException'> (0x00000000d682ac28) thrown at [C:\re\workspace\8-2-build-windows-amd64-cygwin\jdk8u51\3951\hotspot\src\share\vm\prims\jni.cpp, line 709]
Event: 0.233 Thread 0x0000000000b70800 Exception <a 'java/lang/NoSuchFieldError': method resolution failed> (0x00000000d68fe7c8) thrown at [C:\re\workspace\8-2-build-windows-amd64-cygwin\jdk8u51\3951\hotspot\src\share\vm\prims\methodHandles.cpp, line 1125]
Event: 0.236 Thread 0x0000000000b70800 Exception <a 'java/lang/NoSuchFieldError': method resolution failed> (0x00000000d690d188) thrown at [C:\re\workspace\8-2-build-windows-amd64-cygwin\jdk8u51\3951\hotspot\src\share\vm\prims\methodHandles.cpp, line 1125]
Event: 0.593 Thread 0x0000000000b70800 Exception <a 'java/io/FileNotFoundException'> (0x00000000d6f5c908) thrown at [C:\re\workspace\8-2-build-windows-amd64-cygwin\jdk8u51\3951\hotspot\src\share\vm\prims\jni.cpp, line 709]
Event: 0.765 Thread 0x0000000000b70800 Exception <a 'java/io/FileNotFoundException'> (0x00000000d6f72ff8) thrown at [C:\re\workspace\8-2-build-windows-amd64-cygwin\jdk8u51\3951\hotspot\src\share\vm\prims\jni.cpp, line 709]
Event: 0.767 Thread 0x0000000000b70800 Exception <a 'java/io/FileNotFoundException'> (0x00000000d6f83080) thrown at [C:\re\workspace\8-2-build-windows-amd64-cygwin\jdk8u51\3951\hotspot\src\share\vm\prims\jni.cpp, line 709]
Event: 0.939 Thread 0x0000000000b70800 Exception <a 'java/io/FileNotFoundException'> (0x00000000d6f99240) thrown at [C:\re\workspace\8-2-build-windows-amd64-cygwin\jdk8u51\3951\hotspot\src\share\vm\prims\jni.cpp, line 709]
Event: 72.534 Thread 0x0000000018aec000 Exception <a 'java/lang/NullPointerException'> (0x00000000d766f4c8) thrown at [C:\re\workspace\8-2-build-windows-amd64-cygwin\jdk8u51\3951\hotspot\src\share\vm\interpreter\linkResolver.cpp, line 1178]

Events (10 events):
Event: 47.500 loading class javax/swing/JComponent$ActionStandin done
Event: 60.111 loading class java/lang/StringCoding$StringEncoder
Event: 60.111 loading class java/lang/StringCoding$StringEncoder done
Event: 60.112 loading class javax/swing/text/AbstractDocument$ElementEdit
Event: 60.112 loading class javax/swing/text/AbstractDocument$ElementEdit done
Event: 60.126 loading class java/util/ArrayList$SubList
Event: 60.127 loading class java/util/ArrayList$SubList done
Event: 60.127 loading class java/util/ArrayList$SubList$1
Event: 60.127 loading class java/util/ArrayList$SubList$1 done
Event: 72.537 Thread 0x0000000018b93000 Thread exited: 0x0000000018b93000


Dynamic libraries:
0x00007ff6a5300000 - 0x00007ff6a5337000 	C:\Program Files\Java\jdk1.8.0_51\jre\bin\java.exe
0x00007ff879420000 - 0x00007ff8795e1000 	C:\WINDOWS\SYSTEM32\ntdll.dll
0x00007ff876600000 - 0x00007ff8766ad000 	C:\WINDOWS\system32\KERNEL32.DLL
0x00007ff86a050000 - 0x00007ff86a082000 	C:\Program Files (x86)\AVG\Av\avghooka.dll
0x00007ff875330000 - 0x00007ff875518000 	C:\WINDOWS\system32\KERNELBASE.dll
0x00007ff875ce0000 - 0x00007ff875d87000 	C:\WINDOWS\system32\ADVAPI32.dll
0x00007ff8766b0000 - 0x00007ff87674d000 	C:\WINDOWS\system32\msvcrt.dll
0x00007ff875660000 - 0x00007ff8756bb000 	C:\WINDOWS\system32\sechost.dll
0x00007ff8764e0000 - 0x00007ff8765fc000 	C:\WINDOWS\system32\RPCRT4.dll
0x00007ff875900000 - 0x00007ff875a56000 	C:\WINDOWS\system32\USER32.dll
0x00007ff877f50000 - 0x00007ff8780d6000 	C:\WINDOWS\system32\GDI32.dll
0x00007ff868580000 - 0x00007ff8687f4000 	C:\WINDOWS\WinSxS\amd64_microsoft.windows.common-controls_6595b64144ccf1df_6.0.10586.0_none_8c15ae12515e1c22\COMCTL32.dll
0x00007ff875a60000 - 0x00007ff875cdd000 	C:\WINDOWS\system32\combase.dll
0x00007ff874930000 - 0x00007ff87499a000 	C:\WINDOWS\system32\bcryptPrimitives.dll
0x00007ff8780e0000 - 0x00007ff87811b000 	C:\WINDOWS\system32\IMM32.DLL
0x0000000071510000 - 0x00000000715e2000 	C:\Program Files\Java\jdk1.8.0_51\jre\bin\msvcr100.dll
0x00000000715f0000 - 0x0000000071e73000 	C:\Program Files\Java\jdk1.8.0_51\jre\bin\server\jvm.dll
0x00007ff8764d0000 - 0x00007ff8764d8000 	C:\WINDOWS\system32\PSAPI.DLL
0x00007ff8688f0000 - 0x00007ff8688f9000 	C:\WINDOWS\SYSTEM32\WSOCK32.dll
0x00007ff8757e0000 - 0x00007ff87584b000 	C:\WINDOWS\system32\WS2_32.dll
0x00007ff872f60000 - 0x00007ff872f83000 	C:\WINDOWS\SYSTEM32\WINMM.dll
0x00007ff86a1f0000 - 0x00007ff86a1fa000 	C:\WINDOWS\SYSTEM32\VERSION.dll
0x00007ff872f30000 - 0x00007ff872f5c000 	C:\WINDOWS\SYSTEM32\WINMMBASE.dll
0x00007ff874880000 - 0x00007ff8748c3000 	C:\WINDOWS\system32\cfgmgr32.dll
0x00000000714c0000 - 0x00000000714cf000 	C:\Program Files\Java\jdk1.8.0_51\jre\bin\verify.dll
0x0000000071490000 - 0x00000000714b9000 	C:\Program Files\Java\jdk1.8.0_51\jre\bin\java.dll
0x0000000071470000 - 0x0000000071486000 	C:\Program Files\Java\jdk1.8.0_51\jre\bin\zip.dll
0x00007ff876900000 - 0x00007ff877e5f000 	C:\WINDOWS\system32\SHELL32.dll
0x00007ff874c20000 - 0x00007ff875264000 	C:\WINDOWS\system32\windows.storage.dll
0x00007ff875ee0000 - 0x00007ff875f32000 	C:\WINDOWS\system32\shlwapi.dll
0x00007ff874770000 - 0x00007ff87477f000 	C:\WINDOWS\system32\kernel.appcore.dll
0x00007ff875270000 - 0x00007ff875325000 	C:\WINDOWS\system32\shcore.dll
0x00007ff874780000 - 0x00007ff8747cb000 	C:\WINDOWS\system32\powrprof.dll
0x00007ff874750000 - 0x00007ff874764000 	C:\WINDOWS\system32\profapi.dll
0x0000000071290000 - 0x0000000071428000 	C:\Program Files\Java\jdk1.8.0_51\jre\bin\awt.dll
0x00007ff875590000 - 0x00007ff875651000 	C:\WINDOWS\system32\OLEAUT32.dll
0x00007ff873020000 - 0x00007ff873099000 	C:\WINDOWS\system32\apphelp.dll
0x00007ff8721f0000 - 0x00007ff872212000 	C:\WINDOWS\system32\DWMAPI.DLL
0x00007ff8730c0000 - 0x00007ff873156000 	C:\WINDOWS\system32\uxtheme.dll
0x00007ff876370000 - 0x00007ff8764ca000 	C:\WINDOWS\system32\MSCTF.dll
0x00007ff875d90000 - 0x00007ff875ed3000 	C:\WINDOWS\system32\ole32.dll
0x0000000071240000 - 0x0000000071287000 	C:\Program Files\Java\jdk1.8.0_51\jre\bin\fontmanager.dll
0x0000000071450000 - 0x000000007146a000 	C:\Program Files\Java\jdk1.8.0_51\jre\bin\net.dll
0x00007ff874010000 - 0x00007ff87406c000 	C:\WINDOWS\system32\mswsock.dll
0x0000000071430000 - 0x0000000071441000 	C:\Program Files\Java\jdk1.8.0_51\jre\bin\nio.dll
0x00000000711f0000 - 0x0000000071232000 	C:\Program Files\Java\jdk1.8.0_51\jre\bin\t2k.dll
0x0000000180000000 - 0x0000000180025000 	C:\Users\atahu\Documents\NetBeansProjects\JSerial-Port\lib\rxtxSerial.dll
0x00007ff875850000 - 0x00007ff8758f7000 	C:\WINDOWS\system32\clbcatq.dll
0x00007ff8713a0000 - 0x00007ff871551000 	C:\WINDOWS\SYSTEM32\WindowsCodecs.dll
0x00007ff860ef0000 - 0x00007ff860f3a000 	C:\WINDOWS\system32\dataexchange.dll
0x00007ff871f40000 - 0x00007ff8721e8000 	C:\WINDOWS\system32\d3d11.dll
0x00007ff872db0000 - 0x00007ff872e93000 	C:\WINDOWS\system32\dcomp.dll
0x00007ff871da0000 - 0x00007ff871e42000 	C:\WINDOWS\system32\dxgi.dll
0x00007ff873260000 - 0x00007ff873360000 	C:\WINDOWS\system32\twinapi.appcore.dll
0x00007ff874670000 - 0x00007ff874699000 	C:\WINDOWS\system32\bcrypt.dll
0x00007ff863dd0000 - 0x00007ff863f5c000 	C:\WINDOWS\SYSTEM32\dbghelp.dll

VM Arguments:
jvm_args: -Dfile.encoding=UTF-8 -Djava.library.path=C:\Users\atahu\Documents\NetBeansProjects\JSerial-Port\lib 
java_command: View.JSerialPort
java_class_path (initial): C:\Users\atahu\Documents\NetBeansProjects\JSerial-Port\Components\Windows\i368-mingw32;C:\Users\atahu\Documents\NetBeansProjects\JSerial-Port\Components\Windows\i368-mingw32\CopyLibs\org-netbeans-modules-java-j2seproject-copylibstask.jar;C:\Users\atahu\Documents\NetBeansProjects\JSerial-Port\Components\RXTXcomm.jar;C:\Users\atahu\Documents\NetBeansProjects\JSerial-Port\build\classes
Launcher Type: SUN_STANDARD

Environment Variables:
PATH=C:\Db\oraclexe\app\oracle\product\11.2.0\server\bin;C:\ProgrammingLanguages\Python343-x64;C:\ProgrammingLanguages\Python343-x64\Scripts;C:\ProgrammingLanguages\RailsInstaller\Ruby2.1.0\bin;C:\ProgrammingLanguages\Ruby22-x64\bin;C:\ProgramData\Oracle\Java\javapath;C:\WINDOWS\system32;C:\WINDOWS;C:\WINDOWS\System32\Wbem;C:\WINDOWS\System32\WindowsPowerShell\v1.0\;C:\Program Files\cURL\bin;C:\ProgrammingLanguages\nodejs\;C:\Apps\xampp\php;C:\ProgramData\ComposerSetup\bin;C:\WINDOWS\system32\config\systemprofile\.dnx\bin;C:\Program Files\Microsoft DNX\Dnvm\;C:\Program Files\MATLAB\MATLAB Production Server\R2015a\runtime\win64;C:\Program Files\MATLAB\MATLAB Production Server\R2015a\bin;C:\Program Files\MATLAB\MATLAB Production Server\R2015a\polyspace\bin;C:\Program Files\MATLAB\MATLAB Runtime\v85\runtime\win64;C:\Program Files (x86)\MySQL\MySQL Fabric 1.5.4 & MySQL Utilities 1.5.4 1.5\;C:\Program Files (x86)\MySQL\MySQL Fabric 1.5.4 & MySQL Utilities 1.5.4 1.5\Doctrine extensions for PHP\;C:\Program Files (x86)\OpenVPN\bin;C:\Program Files\Git\cmd;C:\Program Files (x86)\JasperStarter\bin;C:\Program Files\Sublime Text 2;C:\Users\atahu\AppData\Roaming\npm;C:\Tools\uru;C:\Db\PostgreSQL\9.4\bin;C:\Users\atahu\AppData\Local\Code\bin;C:\Users\atahu\AppData\Local\Programs\Git\cmd;C:\Users\atahu\AppData\Local\atom\bin
USERNAME=atahu
OS=Windows_NT
PROCESSOR_IDENTIFIER=Intel64 Family 6 Model 37 Stepping 5, GenuineIntel



---------------  S Y S T E M  ---------------

OS: Windows 10.0 , 64 bit Build 10586 (10.0.10586.0)

CPU:total 4 (2 cores per cpu, 2 threads per core) family 6 model 37 stepping 5, cmov, cx8, fxsr, mmx, sse, sse2, sse3, ssse3, sse4.1, sse4.2, popcnt, ht, tsc, tscinvbit

Memory: 4k page, physical 8181612k(3840444k free), swap 12900204k(5961400k free)

vm_info: Java HotSpot(TM) 64-Bit Server VM (25.51-b03) for windows-amd64 JRE (1.8.0_51-b16), built on Jun  8 2015 18:03:07 by "java_re" with MS VC++ 10.0 (VS2010)

time: Thu Jan 28 01:47:41 2016
elapsed time: 72 seconds (0d 0h 1m 12s)

