#
# A fatal error has been detected by the Java Runtime Environment:
#
#  EXCEPTION_ACCESS_VIOLATION (0xc0000005) at pc=0x0000000180005156, pid=15220, tid=13844
#
# JRE version: Java(TM) SE Runtime Environment (8.0_51-b16) (build 1.8.0_51-b16)
# Java VM: Java HotSpot(TM) 64-Bit Server VM (25.51-b03 mixed mode windows-amd64 compressed oops)
# Problematic frame:
# C  [rxtxSerial.dll+0x5156]
#
# Failed to write core dump. Minidumps are not enabled by default on client versions of Windows
#
# If you would like to submit a bug report, please visit:
#   http://bugreport.java.com/bugreport/crash.jsp
# The crash happened outside the Java Virtual Machine in native code.
# See problematic frame for where to report the bug.
#

---------------  T H R E A D  ---------------

Current thread (0x0000000019454000):  JavaThread "Thread-3" [_thread_in_native, id=13844, stack(0x000000001a3c0000,0x000000001a4c0000)]

siginfo: ExceptionCode=0xc0000005, reading address 0x000000001a3bf188

Registers:
RAX=0x000000001a3bf180, RBX=0x0000000000000001, RCX=0x000000018001d4d5, RDX=0xfffffffffffff665
RSP=0x000000001a4bf2d0, RBP=0x00000000194541f8, RSI=0x0000000000000000, RDI=0x0000000000000000
R8 =0x0000000000000002, R9 =0xfffffffffffff63c, R10=0x000000000000000e, R11=0x8101010101010100
R12=0x000000001a3bf180, R13=0x00000000169f0a20, R14=0x000000001a4bf420, R15=0x00000000ffffffff
RIP=0x0000000180005156, EFLAGS=0x0000000000010206

Top of Stack: (sp=0x000000001a4bf2d0)
0x000000001a4bf2d0:   000000001a4bf420 00000000194541f8
0x000000001a4bf2e0:   0000000000000000 0000000000000000
0x000000001a4bf2f0:   0000000000000001 0000000000000001
0x000000001a4bf300:   0000000000000000 0000000000000000
0x000000001a4bf310:   0000000019d584f8 0000000019454000
0x000000001a4bf320:   0000000019d57f70 0000000019454000
0x000000001a4bf330:   0000000019d57f70 0000000019454000
0x000000001a4bf340:   0000597165502493 0000000019d58411
0x000000001a4bf350:   0000000019454000 000000001a4bf420
0x000000001a4bf360:   00000000169f0a20 0000000000000000
0x000000001a4bf370:   00000000022c7ced 0000000019454000
0x000000001a4bf380:   000000001a4bf400 00000000022d3b54
0x000000001a4bf390:   0000000018572a00 0000000019d584f8
0x000000001a4bf3a0:   00000000169f0a28 0000000019454000
0x000000001a4bf3b0:   0000000019d5840f 0000000019454000
0x000000001a4bf3c0:   000000001a4bf3c0 0000000000000000 

Instructions: (pc=0x0000000180005156)
0x0000000180005136:   8d 05 d4 79 01 00 48 8b d3 48 8b cd 44 8b f8 89
0x0000000180005146:   7c 24 24 8b f7 e8 c0 e6 ff ff 8d 5f 01 4c 63 e0
0x0000000180005156:   45 8b 74 24 08 41 89 7c 24 08 45 85 ff 78 0b ff
0x0000000180005166:   15 95 1e 01 00 89 44 24 24 90 8b ce ff c6 83 f9 


Register to memory mapping:

RAX=0x000000001a3bf180 is an unknown value
RBX=0x0000000000000001 is an unknown value
RCX=0x000000018001d4d5 is an unknown value
RDX=0xfffffffffffff665 is an unknown value
RSP=0x000000001a4bf2d0 is pointing into the stack for thread: 0x0000000019454000
RBP=0x00000000194541f8 is an unknown value
RSI=0x0000000000000000 is an unknown value
RDI=0x0000000000000000 is an unknown value
R8 =0x0000000000000002 is an unknown value
R9 =0xfffffffffffff63c is an unknown value
R10=0x000000000000000e is an unknown value
R11=0x8101010101010100 is an unknown value
R12=0x000000001a3bf180 is an unknown value
R13=0x00000000169f0a20 is pointing into metadata
R14=0x000000001a4bf420 is pointing into the stack for thread: 0x0000000019454000
R15=0x00000000ffffffff is an unallocated location in the heap


Stack: [0x000000001a3c0000,0x000000001a4c0000],  sp=0x000000001a4bf2d0,  free space=1020k
Native frames: (J=compiled Java code, j=interpreted, Vv=VM code, C=native code)
C  [rxtxSerial.dll+0x5156]
C  0x00000000022d3b54

Java frames: (J=compiled Java code, j=interpreted, Vv=VM code)
j  gnu.io.RXTXPort.readByte()I+0
j  gnu.io.RXTXPort$SerialInputStream.read()I+81
j  Model.CommPortReceiver.run()V+4
v  ~StubRoutines::call_stub

---------------  P R O C E S S  ---------------

Java Threads: ( => current thread )
  0x0000000019466000 JavaThread "TimerQueue" daemon [_thread_blocked, id=13172, stack(0x000000001a6c0000,0x000000001a7c0000)]
=>0x0000000019454000 JavaThread "Thread-3" [_thread_in_native, id=13844, stack(0x000000001a3c0000,0x000000001a4c0000)]
  0x0000000000b40800 JavaThread "DestroyJavaVM" [_thread_blocked, id=13360, stack(0x0000000000a00000,0x0000000000b00000)]
  0x0000000019393000 JavaThread "AWT-EventQueue-0" [_thread_blocked, id=13572, stack(0x0000000019b40000,0x0000000019c40000)]
  0x0000000018856000 JavaThread "AWT-Windows" daemon [_thread_in_native, id=10580, stack(0x0000000018e30000,0x0000000018f30000)]
  0x0000000018854000 JavaThread "AWT-Shutdown" [_thread_blocked, id=13576, stack(0x0000000018d30000,0x0000000018e30000)]
  0x000000001884d800 JavaThread "Java2D Disposer" daemon [_thread_blocked, id=13896, stack(0x0000000018b40000,0x0000000018c40000)]
  0x000000001848c000 JavaThread "Service Thread" daemon [_thread_blocked, id=10892, stack(0x0000000018860000,0x0000000018960000)]
  0x0000000016c3a800 JavaThread "C1 CompilerThread2" daemon [_thread_blocked, id=15280, stack(0x0000000018360000,0x0000000018460000)]
  0x0000000016c12800 JavaThread "C2 CompilerThread1" daemon [_thread_blocked, id=15288, stack(0x0000000018260000,0x0000000018360000)]
  0x0000000016c0c800 JavaThread "C2 CompilerThread0" daemon [_thread_blocked, id=15296, stack(0x0000000018160000,0x0000000018260000)]
  0x0000000016c0b000 JavaThread "Attach Listener" daemon [_thread_blocked, id=14100, stack(0x0000000018060000,0x0000000018160000)]
  0x0000000016c09800 JavaThread "Signal Dispatcher" daemon [_thread_blocked, id=14716, stack(0x0000000017f60000,0x0000000018060000)]
  0x0000000000c36000 JavaThread "Finalizer" daemon [_thread_blocked, id=10576, stack(0x0000000017e60000,0x0000000017f60000)]
  0x0000000000c2d000 JavaThread "Reference Handler" daemon [_thread_blocked, id=13528, stack(0x0000000017d60000,0x0000000017e60000)]

Other Threads:
  0x0000000016bd7800 VMThread [stack: 0x0000000017c60000,0x0000000017d60000] [id=13364]
  0x000000001848f000 WatcherThread [stack: 0x0000000018960000,0x0000000018a60000] [id=13552]

VM state:not at safepoint (normal execution)

VM Mutex/Monitor currently owned by a thread: None

Heap:
 PSYoungGen      total 37888K, used 15274K [0x00000000d6600000, 0x00000000d9000000, 0x0000000100000000)
  eden space 32768K, 46% used [0x00000000d6600000,0x00000000d74ea928,0x00000000d8600000)
  from space 5120K, 0% used [0x00000000d8b00000,0x00000000d8b00000,0x00000000d9000000)
  to   space 5120K, 0% used [0x00000000d8600000,0x00000000d8600000,0x00000000d8b00000)
 ParOldGen       total 86016K, used 0K [0x0000000083200000, 0x0000000088600000, 0x00000000d6600000)
  object space 86016K, 0% used [0x0000000083200000,0x0000000083200000,0x0000000088600000)
 Metaspace       used 12148K, capacity 12446K, committed 12672K, reserved 1060864K
  class space    used 1565K, capacity 1643K, committed 1664K, reserved 1048576K

Card table byte_map: [0x0000000011680000,0x0000000011a70000] byte_map_base: 0x0000000011267000

Marking Bits: (ParMarkBitMap*) 0x0000000071df4040
 Begin Bits: [0x0000000012010000, 0x0000000013f48000)
 End Bits:   [0x0000000013f48000, 0x0000000015e80000)

Polling page: 0x0000000000510000

CodeCache: size=245760Kb used=3241Kb max_used=3241Kb free=242518Kb
 bounds [0x00000000022c0000, 0x00000000025f0000, 0x00000000112c0000]
 total_blobs=1482 nmethods=1004 adapters=391
 compilation: enabled

Compilation events (10 events):
Event: 3.755 Thread 0x0000000016c3a800  998  s    3       javax.swing.RepaintManager::extendDirtyRegion (36 bytes)
Event: 3.756 Thread 0x0000000016c3a800 nmethod 998 0x00000000025e81d0 code [0x00000000025e8360, 0x00000000025e88b8]
Event: 3.756 Thread 0x0000000016c3a800  999       3       sun.java2d.SunGraphics2D::validateColor (102 bytes)
Event: 3.757 Thread 0x0000000016c3a800 nmethod 999 0x00000000025e7890 code [0x00000000025e7a20, 0x00000000025e8038]
Event: 3.757 Thread 0x0000000016c3a800 1000       3       sun.java2d.SurfaceData::pixelFor (13 bytes)
Event: 3.757 Thread 0x0000000016c3a800 nmethod 1000 0x00000000025e72d0 code [0x00000000025e7440, 0x00000000025e7748]
Event: 3.757 Thread 0x0000000016c3a800 1001       3       sun.java2d.SunGraphics2D::invalidatePipe (41 bytes)
Event: 3.758 Thread 0x0000000016c3a800 nmethod 1001 0x00000000025e6f10 code [0x00000000025e7060, 0x00000000025e7230]
Event: 3.759 Thread 0x0000000016c3a800 1002       3       sun.java2d.SunGraphics2D::setColor (108 bytes)
Event: 3.760 Thread 0x0000000016c3a800 nmethod 1002 0x00000000025eb2d0 code [0x00000000025eb460, 0x00000000025eb978]

GC Heap History (0 events):
No events

Deoptimization events (2 events):
Event: 0.605 Thread 0x0000000000b40800 Uncommon trap: reason=predicate action=maybe_recompile pc=0x00000000024d5b68 method=java.util.ArrayList.indexOf(Ljava/lang/Object;)I @ 44
Event: 2.061 Thread 0x0000000019393000 Uncommon trap: reason=class_check action=maybe_recompile pc=0x0000000002447568 method=java.lang.String.equals(Ljava/lang/Object;)Z @ 8

Internal exceptions (10 events):
Event: 0.181 Thread 0x0000000000b40800 Exception <a 'java/security/PrivilegedActionException'> (0x00000000d6807388) thrown at [C:\re\workspace\8-2-build-windows-amd64-cygwin\jdk8u51\3951\hotspot\src\share\vm\prims\jvm.cpp, line 1382]
Event: 0.188 Thread 0x0000000000b40800 Exception <a 'java/io/FileNotFoundException'> (0x00000000d6809a98) thrown at [C:\re\workspace\8-2-build-windows-amd64-cygwin\jdk8u51\3951\hotspot\src\share\vm\prims\jni.cpp, line 709]
Event: 0.217 Thread 0x0000000000b40800 Exception <a 'java/io/FileNotFoundException'> (0x00000000d682aa40) thrown at [C:\re\workspace\8-2-build-windows-amd64-cygwin\jdk8u51\3951\hotspot\src\share\vm\prims\jni.cpp, line 709]
Event: 0.264 Thread 0x0000000000b40800 Exception <a 'java/lang/NoSuchFieldError': method resolution failed> (0x00000000d68fe588) thrown at [C:\re\workspace\8-2-build-windows-amd64-cygwin\jdk8u51\3951\hotspot\src\share\vm\prims\methodHandles.cpp, line 1125]
Event: 0.267 Thread 0x0000000000b40800 Exception <a 'java/lang/NoSuchFieldError': method resolution failed> (0x00000000d690cf48) thrown at [C:\re\workspace\8-2-build-windows-amd64-cygwin\jdk8u51\3951\hotspot\src\share\vm\prims\methodHandles.cpp, line 1125]
Event: 0.633 Thread 0x0000000000b40800 Exception <a 'java/io/FileNotFoundException'> (0x00000000d6f5f098) thrown at [C:\re\workspace\8-2-build-windows-amd64-cygwin\jdk8u51\3951\hotspot\src\share\vm\prims\jni.cpp, line 709]
Event: 0.648 Thread 0x0000000000b40800 Exception <a 'java/io/FileNotFoundException'> (0x00000000d6f75788) thrown at [C:\re\workspace\8-2-build-windows-amd64-cygwin\jdk8u51\3951\hotspot\src\share\vm\prims\jni.cpp, line 709]
Event: 0.650 Thread 0x0000000000b40800 Exception <a 'java/io/FileNotFoundException'> (0x00000000d6f85810) thrown at [C:\re\workspace\8-2-build-windows-amd64-cygwin\jdk8u51\3951\hotspot\src\share\vm\prims\jni.cpp, line 709]
Event: 0.666 Thread 0x0000000000b40800 Exception <a 'java/io/FileNotFoundException'> (0x00000000d6f9b9f0) thrown at [C:\re\workspace\8-2-build-windows-amd64-cygwin\jdk8u51\3951\hotspot\src\share\vm\prims\jni.cpp, line 709]
Event: 3.859 Thread 0x0000000019393000 Exception <a 'java/lang/NullPointerException'> (0x00000000d7364be8) thrown at [C:\re\workspace\8-2-build-windows-amd64-cygwin\jdk8u51\3951\hotspot\src\share\vm\interpreter\linkResolver.cpp, line 1178]

Events (10 events):
Event: 2.510 loading class java/util/concurrent/TimeUnit$7 done
Event: 3.048 loading class javax/swing/Timer$1
Event: 3.048 loading class javax/swing/Timer$1 done
Event: 3.211 loading class java/awt/Canvas
Event: 3.212 loading class java/awt/Canvas done
Event: 3.212 Executing VM operation: Deoptimize
Event: 3.212 Executing VM operation: Deoptimize done
Event: 3.212 loading class java/awt/Scrollbar
Event: 3.212 loading class java/awt/Scrollbar done
Event: 3.861 Thread 0x000000001949c800 Thread exited: 0x000000001949c800


Dynamic libraries:
0x00007ff6a5300000 - 0x00007ff6a5337000 	C:\Program Files\Java\jdk1.8.0_51\jre\bin\java.exe
0x00007ff879420000 - 0x00007ff8795e1000 	C:\WINDOWS\SYSTEM32\ntdll.dll
0x00007ff876600000 - 0x00007ff8766ad000 	C:\WINDOWS\system32\KERNEL32.DLL
0x00007ff86a050000 - 0x00007ff86a082000 	C:\Program Files (x86)\AVG\Av\avghooka.dll
0x00007ff875330000 - 0x00007ff875518000 	C:\WINDOWS\system32\KERNELBASE.dll
0x00007ff875ce0000 - 0x00007ff875d87000 	C:\WINDOWS\system32\ADVAPI32.dll
0x00007ff8766b0000 - 0x00007ff87674d000 	C:\WINDOWS\system32\msvcrt.dll
0x00007ff875660000 - 0x00007ff8756bb000 	C:\WINDOWS\system32\sechost.dll
0x00007ff8764e0000 - 0x00007ff8765fc000 	C:\WINDOWS\system32\RPCRT4.dll
0x00007ff875900000 - 0x00007ff875a56000 	C:\WINDOWS\system32\USER32.dll
0x00007ff877f50000 - 0x00007ff8780d6000 	C:\WINDOWS\system32\GDI32.dll
0x00007ff868580000 - 0x00007ff8687f4000 	C:\WINDOWS\WinSxS\amd64_microsoft.windows.common-controls_6595b64144ccf1df_6.0.10586.0_none_8c15ae12515e1c22\COMCTL32.dll
0x00007ff875a60000 - 0x00007ff875cdd000 	C:\WINDOWS\system32\combase.dll
0x00007ff874930000 - 0x00007ff87499a000 	C:\WINDOWS\system32\bcryptPrimitives.dll
0x00007ff8780e0000 - 0x00007ff87811b000 	C:\WINDOWS\system32\IMM32.DLL
0x0000000071510000 - 0x00000000715e2000 	C:\Program Files\Java\jdk1.8.0_51\jre\bin\msvcr100.dll
0x00000000715f0000 - 0x0000000071e73000 	C:\Program Files\Java\jdk1.8.0_51\jre\bin\server\jvm.dll
0x00007ff8764d0000 - 0x00007ff8764d8000 	C:\WINDOWS\system32\PSAPI.DLL
0x00007ff8688f0000 - 0x00007ff8688f9000 	C:\WINDOWS\SYSTEM32\WSOCK32.dll
0x00007ff8757e0000 - 0x00007ff87584b000 	C:\WINDOWS\system32\WS2_32.dll
0x00007ff872f60000 - 0x00007ff872f83000 	C:\WINDOWS\SYSTEM32\WINMM.dll
0x00007ff86a1f0000 - 0x00007ff86a1fa000 	C:\WINDOWS\SYSTEM32\VERSION.dll
0x00007ff872f30000 - 0x00007ff872f5c000 	C:\WINDOWS\SYSTEM32\WINMMBASE.dll
0x00007ff874880000 - 0x00007ff8748c3000 	C:\WINDOWS\system32\cfgmgr32.dll
0x00000000714c0000 - 0x00000000714cf000 	C:\Program Files\Java\jdk1.8.0_51\jre\bin\verify.dll
0x0000000071490000 - 0x00000000714b9000 	C:\Program Files\Java\jdk1.8.0_51\jre\bin\java.dll
0x0000000071470000 - 0x0000000071486000 	C:\Program Files\Java\jdk1.8.0_51\jre\bin\zip.dll
0x00007ff876900000 - 0x00007ff877e5f000 	C:\WINDOWS\system32\SHELL32.dll
0x00007ff874c20000 - 0x00007ff875264000 	C:\WINDOWS\system32\windows.storage.dll
0x00007ff875ee0000 - 0x00007ff875f32000 	C:\WINDOWS\system32\shlwapi.dll
0x00007ff874770000 - 0x00007ff87477f000 	C:\WINDOWS\system32\kernel.appcore.dll
0x00007ff875270000 - 0x00007ff875325000 	C:\WINDOWS\system32\shcore.dll
0x00007ff874780000 - 0x00007ff8747cb000 	C:\WINDOWS\system32\powrprof.dll
0x00007ff874750000 - 0x00007ff874764000 	C:\WINDOWS\system32\profapi.dll
0x0000000071290000 - 0x0000000071428000 	C:\Program Files\Java\jdk1.8.0_51\jre\bin\awt.dll
0x00007ff875590000 - 0x00007ff875651000 	C:\WINDOWS\system32\OLEAUT32.dll
0x00007ff873020000 - 0x00007ff873099000 	C:\WINDOWS\system32\apphelp.dll
0x00007ff8721f0000 - 0x00007ff872212000 	C:\WINDOWS\system32\DWMAPI.DLL
0x00007ff8730c0000 - 0x00007ff873156000 	C:\WINDOWS\system32\uxtheme.dll
0x00007ff876370000 - 0x00007ff8764ca000 	C:\WINDOWS\system32\MSCTF.dll
0x00007ff875d90000 - 0x00007ff875ed3000 	C:\WINDOWS\system32\ole32.dll
0x0000000071240000 - 0x0000000071287000 	C:\Program Files\Java\jdk1.8.0_51\jre\bin\fontmanager.dll
0x0000000071450000 - 0x000000007146a000 	C:\Program Files\Java\jdk1.8.0_51\jre\bin\net.dll
0x00007ff874010000 - 0x00007ff87406c000 	C:\WINDOWS\system32\mswsock.dll
0x0000000071430000 - 0x0000000071441000 	C:\Program Files\Java\jdk1.8.0_51\jre\bin\nio.dll
0x00000000711f0000 - 0x0000000071232000 	C:\Program Files\Java\jdk1.8.0_51\jre\bin\t2k.dll
0x0000000180000000 - 0x0000000180025000 	C:\Users\atahu\Documents\NetBeansProjects\JSerial-Port\lib\rxtxSerial.dll
0x00007ff875850000 - 0x00007ff8758f7000 	C:\WINDOWS\system32\clbcatq.dll
0x00007ff8713a0000 - 0x00007ff871551000 	C:\WINDOWS\SYSTEM32\WindowsCodecs.dll
0x00007ff860ef0000 - 0x00007ff860f3a000 	C:\WINDOWS\system32\dataexchange.dll
0x00007ff871f40000 - 0x00007ff8721e8000 	C:\WINDOWS\system32\d3d11.dll
0x00007ff872db0000 - 0x00007ff872e93000 	C:\WINDOWS\system32\dcomp.dll
0x00007ff871da0000 - 0x00007ff871e42000 	C:\WINDOWS\system32\dxgi.dll
0x00007ff873260000 - 0x00007ff873360000 	C:\WINDOWS\system32\twinapi.appcore.dll
0x00007ff874670000 - 0x00007ff874699000 	C:\WINDOWS\system32\bcrypt.dll
0x00007ff863dd0000 - 0x00007ff863f5c000 	C:\WINDOWS\SYSTEM32\dbghelp.dll

VM Arguments:
jvm_args: -Dfile.encoding=UTF-8 -Djava.library.path=C:\Users\atahu\Documents\NetBeansProjects\JSerial-Port\lib 
java_command: View.JSerialPort
java_class_path (initial): C:\Users\atahu\Documents\NetBeansProjects\JSerial-Port\Components\Windows\i368-mingw32;C:\Users\atahu\Documents\NetBeansProjects\JSerial-Port\Components\Windows\i368-mingw32\CopyLibs\org-netbeans-modules-java-j2seproject-copylibstask.jar;C:\Users\atahu\Documents\NetBeansProjects\JSerial-Port\Components\RXTXcomm.jar;C:\Users\atahu\Documents\NetBeansProjects\JSerial-Port\build\classes
Launcher Type: SUN_STANDARD

Environment Variables:
PATH=C:\Db\oraclexe\app\oracle\product\11.2.0\server\bin;C:\ProgrammingLanguages\Python343-x64;C:\ProgrammingLanguages\Python343-x64\Scripts;C:\ProgrammingLanguages\RailsInstaller\Ruby2.1.0\bin;C:\ProgrammingLanguages\Ruby22-x64\bin;C:\ProgramData\Oracle\Java\javapath;C:\WINDOWS\system32;C:\WINDOWS;C:\WINDOWS\System32\Wbem;C:\WINDOWS\System32\WindowsPowerShell\v1.0\;C:\Program Files\cURL\bin;C:\ProgrammingLanguages\nodejs\;C:\Apps\xampp\php;C:\ProgramData\ComposerSetup\bin;C:\WINDOWS\system32\config\systemprofile\.dnx\bin;C:\Program Files\Microsoft DNX\Dnvm\;C:\Program Files\MATLAB\MATLAB Production Server\R2015a\runtime\win64;C:\Program Files\MATLAB\MATLAB Production Server\R2015a\bin;C:\Program Files\MATLAB\MATLAB Production Server\R2015a\polyspace\bin;C:\Program Files\MATLAB\MATLAB Runtime\v85\runtime\win64;C:\Program Files (x86)\MySQL\MySQL Fabric 1.5.4 & MySQL Utilities 1.5.4 1.5\;C:\Program Files (x86)\MySQL\MySQL Fabric 1.5.4 & MySQL Utilities 1.5.4 1.5\Doctrine extensions for PHP\;C:\Program Files (x86)\OpenVPN\bin;C:\Program Files\Git\cmd;C:\Program Files (x86)\JasperStarter\bin;C:\Program Files\Sublime Text 2;C:\Users\atahu\AppData\Roaming\npm;C:\Tools\uru;C:\Db\PostgreSQL\9.4\bin;C:\Users\atahu\AppData\Local\Code\bin;C:\Users\atahu\AppData\Local\Programs\Git\cmd;C:\Users\atahu\AppData\Local\atom\bin
USERNAME=atahu
OS=Windows_NT
PROCESSOR_IDENTIFIER=Intel64 Family 6 Model 37 Stepping 5, GenuineIntel



---------------  S Y S T E M  ---------------

OS: Windows 10.0 , 64 bit Build 10586 (10.0.10586.0)

CPU:total 4 (2 cores per cpu, 2 threads per core) family 6 model 37 stepping 5, cmov, cx8, fxsr, mmx, sse, sse2, sse3, ssse3, sse4.1, sse4.2, popcnt, ht, tsc, tscinvbit

Memory: 4k page, physical 8181612k(4039436k free), swap 12900204k(6652312k free)

vm_info: Java HotSpot(TM) 64-Bit Server VM (25.51-b03) for windows-amd64 JRE (1.8.0_51-b16), built on Jun  8 2015 18:03:07 by "java_re" with MS VC++ 10.0 (VS2010)

time: Wed Jan 27 23:22:26 2016
elapsed time: 3 seconds (0d 0h 0m 3s)

