#
# A fatal error has been detected by the Java Runtime Environment:
#
#  EXCEPTION_ACCESS_VIOLATION (0xc0000005) at pc=0x00000001800051c0, pid=10748, tid=5532
#
# JRE version: Java(TM) SE Runtime Environment (8.0_51-b16) (build 1.8.0_51-b16)
# Java VM: Java HotSpot(TM) 64-Bit Server VM (25.51-b03 mixed mode windows-amd64 compressed oops)
# Problematic frame:
# C  [rxtxSerial.dll+0x51c0]
#
# Failed to write core dump. Minidumps are not enabled by default on client versions of Windows
#
# If you would like to submit a bug report, please visit:
#   http://bugreport.java.com/bugreport/crash.jsp
# The crash happened outside the Java Virtual Machine in native code.
# See problematic frame for where to report the bug.
#

---------------  T H R E A D  ---------------

Current thread (0x0000000018d81000):  JavaThread "Thread-3" [_thread_in_native, id=5532, stack(0x000000001a340000,0x000000001a440000)]

siginfo: ExceptionCode=0xc0000005, writing address 0x000000001a33f088

Registers:
RAX=0x0000000000000000, RBX=0x0000000000000001, RCX=0x0000000000000014, RDX=0x0000000000000000
RSP=0x000000001a43f2f0, RBP=0x0000000018d811f8, RSI=0x0000000000000015, RDI=0x0000000000000000
R8 =0x000000001a43f248, R9 =0x0000000018d811f8, R10=0x0000000000000000, R11=0x0000000000000246
R12=0x000000001a33f080, R13=0x0000000016940a20, R14=0x0000000000000000, R15=0x00000000ffffffff
RIP=0x00000001800051c0, EFLAGS=0x0000000000010246

Top of Stack: (sp=0x000000001a43f2f0)
0x000000001a43f2f0:   0000000000000001 0000000000000000
0x000000001a43f300:   0000000000000000 0000000000000000
0x000000001a43f310:   0000000019c8a978 0000000000000001
0x000000001a43f320:   0000000000000000 0000000000000068
0x000000001a43f330:   0000000019c884f8 0000000018d81000
0x000000001a43f340:   000000000000000e 0000000018d81000
0x000000001a43f350:   0000000019c8a978 000000007171a814
0x000000001a43f360:   0000597144d57fa6 0000000019c88411
0x000000001a43f370:   0000000018d81000 000000001a43f440
0x000000001a43f380:   0000000016940a20 0000000000000000
0x000000001a43f390:   0000000002117ced 0000000018d81000
0x000000001a43f3a0:   000000001a43f420 0000000002123b54
0x000000001a43f3b0:   0000000002117ced 000000000212129d
0x000000001a43f3c0:   0000000016940a28 0000000019c8a978
0x000000001a43f3d0:   0000000018d81000 0000000018d81000
0x000000001a43f3e0:   000000001a43f3e0 0000000000000000 

Instructions: (pc=0x00000001800051c0)
0x00000001800051a0:   00 85 c0 0f 88 93 00 00 00 74 06 03 f8 2b d8 eb
0x00000001800051b0:   0a b9 e8 03 00 00 e8 55 0f 00 00 83 ff 01 7c b0
0x00000001800051c0:   45 89 74 24 08 85 ff 0f 89 cc 00 00 00 e8 aa 55
0x00000001800051d0:   00 00 8b 08 e8 bf 54 00 00 4c 8b 45 00 48 8d 15 


Register to memory mapping:

RAX=0x0000000000000000 is an unknown value
RBX=0x0000000000000001 is an unknown value
RCX=0x0000000000000014 is an unknown value
RDX=0x0000000000000000 is an unknown value
RSP=0x000000001a43f2f0 is pointing into the stack for thread: 0x0000000018d81000
RBP=0x0000000018d811f8 is an unknown value
RSI=0x0000000000000015 is an unknown value
RDI=0x0000000000000000 is an unknown value
R8 =0x000000001a43f248 is pointing into the stack for thread: 0x0000000018d81000
R9 =0x0000000018d811f8 is an unknown value
R10=0x0000000000000000 is an unknown value
R11=0x0000000000000246 is an unknown value
R12=0x000000001a33f080 is an unknown value
R13=0x0000000016940a20 is pointing into metadata
R14=0x0000000000000000 is an unknown value
R15=0x00000000ffffffff is an unallocated location in the heap


Stack: [0x000000001a340000,0x000000001a440000],  sp=0x000000001a43f2f0,  free space=1020k
Native frames: (J=compiled Java code, j=interpreted, Vv=VM code, C=native code)
C  [rxtxSerial.dll+0x51c0]
C  0x0000000002123b54

Java frames: (J=compiled Java code, j=interpreted, Vv=VM code)
j  gnu.io.RXTXPort.readByte()I+0
j  gnu.io.RXTXPort$SerialInputStream.read()I+81
j  Model.CommPortReceiver.run()V+4
v  ~StubRoutines::call_stub

---------------  P R O C E S S  ---------------

Java Threads: ( => current thread )
  0x0000000018d97000 JavaThread "TimerQueue" daemon [_thread_blocked, id=3944, stack(0x000000001a640000,0x000000001a740000)]
=>0x0000000018d81000 JavaThread "Thread-3" [_thread_in_native, id=5532, stack(0x000000001a340000,0x000000001a440000)]
  0x0000000002010800 JavaThread "DestroyJavaVM" [_thread_blocked, id=14708, stack(0x0000000001f00000,0x0000000002000000)]
  0x00000000187a9000 JavaThread "AWT-EventQueue-0" [_thread_blocked, id=8240, stack(0x0000000019a80000,0x0000000019b80000)]
  0x0000000018c7f000 JavaThread "AWT-Windows" daemon [_thread_in_native, id=5372, stack(0x0000000019570000,0x0000000019670000)]
  0x0000000018c79000 JavaThread "AWT-Shutdown" [_thread_blocked, id=5364, stack(0x0000000019470000,0x0000000019570000)]
  0x0000000018c85000 JavaThread "Java2D Disposer" daemon [_thread_blocked, id=5344, stack(0x0000000018a90000,0x0000000018b90000)]
  0x0000000016bbe000 JavaThread "Service Thread" daemon [_thread_blocked, id=8264, stack(0x00000000187b0000,0x00000000188b0000)]
  0x0000000016b67800 JavaThread "C1 CompilerThread2" daemon [_thread_blocked, id=15340, stack(0x00000000182b0000,0x00000000183b0000)]
  0x0000000016b5e800 JavaThread "C2 CompilerThread1" daemon [_thread_blocked, id=1036, stack(0x00000000181b0000,0x00000000182b0000)]
  0x0000000016b5c800 JavaThread "C2 CompilerThread0" daemon [_thread_blocked, id=6160, stack(0x00000000180b0000,0x00000000181b0000)]
  0x0000000016b5b000 JavaThread "Attach Listener" daemon [_thread_blocked, id=5820, stack(0x0000000017fb0000,0x00000000180b0000)]
  0x0000000016b59800 JavaThread "Signal Dispatcher" daemon [_thread_blocked, id=8040, stack(0x0000000017eb0000,0x0000000017fb0000)]
  0x0000000002106000 JavaThread "Finalizer" daemon [_thread_blocked, id=14520, stack(0x0000000017db0000,0x0000000017eb0000)]
  0x00000000020fd000 JavaThread "Reference Handler" daemon [_thread_blocked, id=8612, stack(0x0000000017cb0000,0x0000000017db0000)]

Other Threads:
  0x0000000016b27800 VMThread [stack: 0x0000000017bb0000,0x0000000017cb0000] [id=8280]
  0x00000000183f4800 WatcherThread [stack: 0x00000000188b0000,0x00000000189b0000] [id=6700]

VM state:not at safepoint (normal execution)

VM Mutex/Monitor currently owned by a thread: None

Heap:
 PSYoungGen      total 37888K, used 15934K [0x00000000d6600000, 0x00000000d9000000, 0x0000000100000000)
  eden space 32768K, 48% used [0x00000000d6600000,0x00000000d758fbd8,0x00000000d8600000)
  from space 5120K, 0% used [0x00000000d8b00000,0x00000000d8b00000,0x00000000d9000000)
  to   space 5120K, 0% used [0x00000000d8600000,0x00000000d8600000,0x00000000d8b00000)
 ParOldGen       total 86016K, used 0K [0x0000000083200000, 0x0000000088600000, 0x00000000d6600000)
  object space 86016K, 0% used [0x0000000083200000,0x0000000083200000,0x0000000088600000)
 Metaspace       used 12225K, capacity 12510K, committed 12672K, reserved 1060864K
  class space    used 1556K, capacity 1643K, committed 1664K, reserved 1048576K

Card table byte_map: [0x00000000114d0000,0x00000000118c0000] byte_map_base: 0x00000000110b7000

Marking Bits: (ParMarkBitMap*) 0x0000000071df4040
 Begin Bits: [0x0000000011f60000, 0x0000000013e98000)
 End Bits:   [0x0000000013e98000, 0x0000000015dd0000)

Polling page: 0x0000000000450000

CodeCache: size=245760Kb used=3583Kb max_used=3583Kb free=242176Kb
 bounds [0x0000000002110000, 0x00000000024a0000, 0x0000000011110000]
 total_blobs=1549 nmethods=1071 adapters=391
 compilation: enabled

Compilation events (10 events):
Event: 6.725 Thread 0x0000000016b67800 1068       1       sun.java2d.SurfaceData::getDefaultScale (2 bytes)
Event: 6.725 Thread 0x0000000016b67800 nmethod 1068 0x0000000002490a50 code [0x0000000002490ba0, 0x0000000002490cb0]
Event: 6.725 Thread 0x0000000016b67800 1069   !   3       java.awt.Component::getGraphicsConfiguration (19 bytes)
Event: 6.725 Thread 0x0000000016b67800 nmethod 1069 0x0000000002490d10 code [0x0000000002490e80, 0x00000000024912f0]
Event: 6.725 Thread 0x0000000016b67800 1071       3       sun.awt.SunHints$Key::getIndex (5 bytes)
Event: 6.726 Thread 0x0000000016b67800 nmethod 1071 0x0000000002491410 code [0x0000000002491560, 0x0000000002491750]
Event: 6.726 Thread 0x0000000016b67800 1070       1       sun.java2d.SurfaceData::getColorModel (5 bytes)
Event: 6.726 Thread 0x0000000016b67800 nmethod 1070 0x00000000024917d0 code [0x0000000002491920, 0x0000000002491a30]
Event: 6.856 Thread 0x0000000016b67800 1072       3       java.util.concurrent.locks.AbstractQueuedSynchronizer$ConditionObject::doSignalAll (36 bytes)
Event: 6.856 Thread 0x0000000016b67800 nmethod 1072 0x0000000002491a90 code [0x0000000002491c00, 0x0000000002491f08]

GC Heap History (0 events):
No events

Deoptimization events (2 events):
Event: 0.562 Thread 0x0000000002010800 Uncommon trap: reason=predicate action=maybe_recompile pc=0x00000000023175e8 method=java.util.ArrayList.indexOf(Ljava/lang/Object;)I @ 44
Event: 1.954 Thread 0x00000000187a9000 Uncommon trap: reason=class_check action=maybe_recompile pc=0x0000000002291fe8 method=java.lang.String.equals(Ljava/lang/Object;)Z @ 8

Internal exceptions (10 events):
Event: 0.146 Thread 0x0000000002010800 Exception <a 'java/security/PrivilegedActionException'> (0x00000000d68072f0) thrown at [C:\re\workspace\8-2-build-windows-amd64-cygwin\jdk8u51\3951\hotspot\src\share\vm\prims\jvm.cpp, line 1382]
Event: 0.146 Thread 0x0000000002010800 Exception <a 'java/security/PrivilegedActionException'> (0x00000000d68074a8) thrown at [C:\re\workspace\8-2-build-windows-amd64-cygwin\jdk8u51\3951\hotspot\src\share\vm\prims\jvm.cpp, line 1382]
Event: 0.151 Thread 0x0000000002010800 Exception <a 'java/io/FileNotFoundException'> (0x00000000d6809bb8) thrown at [C:\re\workspace\8-2-build-windows-amd64-cygwin\jdk8u51\3951\hotspot\src\share\vm\prims\jni.cpp, line 709]
Event: 0.180 Thread 0x0000000002010800 Exception <a 'java/io/FileNotFoundException'> (0x00000000d682ab60) thrown at [C:\re\workspace\8-2-build-windows-amd64-cygwin\jdk8u51\3951\hotspot\src\share\vm\prims\jni.cpp, line 709]
Event: 0.230 Thread 0x0000000002010800 Exception <a 'java/lang/NoSuchFieldError': method resolution failed> (0x00000000d68fe6e0) thrown at [C:\re\workspace\8-2-build-windows-amd64-cygwin\jdk8u51\3951\hotspot\src\share\vm\prims\methodHandles.cpp, line 1125]
Event: 0.232 Thread 0x0000000002010800 Exception <a 'java/lang/NoSuchFieldError': method resolution failed> (0x00000000d690d0a0) thrown at [C:\re\workspace\8-2-build-windows-amd64-cygwin\jdk8u51\3951\hotspot\src\share\vm\prims\methodHandles.cpp, line 1125]
Event: 0.591 Thread 0x0000000002010800 Exception <a 'java/io/FileNotFoundException'> (0x00000000d6f5c8f0) thrown at [C:\re\workspace\8-2-build-windows-amd64-cygwin\jdk8u51\3951\hotspot\src\share\vm\prims\jni.cpp, line 709]
Event: 0.609 Thread 0x0000000002010800 Exception <a 'java/io/FileNotFoundException'> (0x00000000d6f72fe0) thrown at [C:\re\workspace\8-2-build-windows-amd64-cygwin\jdk8u51\3951\hotspot\src\share\vm\prims\jni.cpp, line 709]
Event: 0.610 Thread 0x0000000002010800 Exception <a 'java/io/FileNotFoundException'> (0x00000000d6f83068) thrown at [C:\re\workspace\8-2-build-windows-amd64-cygwin\jdk8u51\3951\hotspot\src\share\vm\prims\jni.cpp, line 709]
Event: 0.626 Thread 0x0000000002010800 Exception <a 'java/io/FileNotFoundException'> (0x00000000d6f99228) thrown at [C:\re\workspace\8-2-build-windows-amd64-cygwin\jdk8u51\3951\hotspot\src\share\vm\prims\jni.cpp, line 709]

Events (10 events):
Event: 2.850 loading class java/util/concurrent/TimeUnit$6 done
Event: 2.851 loading class java/util/concurrent/TimeUnit$7
Event: 2.851 loading class java/util/concurrent/TimeUnit$7 done
Event: 3.516 loading class javax/swing/Timer$1
Event: 3.517 loading class javax/swing/Timer$1 done
Event: 4.104 Executing VM operation: EnableBiasedLocking
Event: 4.105 Executing VM operation: EnableBiasedLocking done
Event: 4.305 loading class java/lang/StringCoding$StringEncoder
Event: 4.305 loading class java/lang/StringCoding$StringEncoder done
Event: 6.861 Thread 0x0000000018d7d800 Thread exited: 0x0000000018d7d800


Dynamic libraries:
0x00007ff6a5300000 - 0x00007ff6a5337000 	C:\Program Files\Java\jdk1.8.0_51\jre\bin\java.exe
0x00007ff879420000 - 0x00007ff8795e1000 	C:\WINDOWS\SYSTEM32\ntdll.dll
0x00007ff876600000 - 0x00007ff8766ad000 	C:\WINDOWS\system32\KERNEL32.DLL
0x00007ff86a050000 - 0x00007ff86a082000 	C:\Program Files (x86)\AVG\Av\avghooka.dll
0x00007ff875330000 - 0x00007ff875518000 	C:\WINDOWS\system32\KERNELBASE.dll
0x00007ff875ce0000 - 0x00007ff875d87000 	C:\WINDOWS\system32\ADVAPI32.dll
0x00007ff8766b0000 - 0x00007ff87674d000 	C:\WINDOWS\system32\msvcrt.dll
0x00007ff875660000 - 0x00007ff8756bb000 	C:\WINDOWS\system32\sechost.dll
0x00007ff8764e0000 - 0x00007ff8765fc000 	C:\WINDOWS\system32\RPCRT4.dll
0x00007ff875900000 - 0x00007ff875a56000 	C:\WINDOWS\system32\USER32.dll
0x00007ff877f50000 - 0x00007ff8780d6000 	C:\WINDOWS\system32\GDI32.dll
0x00007ff868580000 - 0x00007ff8687f4000 	C:\WINDOWS\WinSxS\amd64_microsoft.windows.common-controls_6595b64144ccf1df_6.0.10586.0_none_8c15ae12515e1c22\COMCTL32.dll
0x00007ff875a60000 - 0x00007ff875cdd000 	C:\WINDOWS\system32\combase.dll
0x00007ff874930000 - 0x00007ff87499a000 	C:\WINDOWS\system32\bcryptPrimitives.dll
0x00007ff8780e0000 - 0x00007ff87811b000 	C:\WINDOWS\system32\IMM32.DLL
0x0000000071510000 - 0x00000000715e2000 	C:\Program Files\Java\jdk1.8.0_51\jre\bin\msvcr100.dll
0x00000000715f0000 - 0x0000000071e73000 	C:\Program Files\Java\jdk1.8.0_51\jre\bin\server\jvm.dll
0x00007ff8764d0000 - 0x00007ff8764d8000 	C:\WINDOWS\system32\PSAPI.DLL
0x00007ff8688f0000 - 0x00007ff8688f9000 	C:\WINDOWS\SYSTEM32\WSOCK32.dll
0x00007ff8757e0000 - 0x00007ff87584b000 	C:\WINDOWS\system32\WS2_32.dll
0x00007ff872f60000 - 0x00007ff872f83000 	C:\WINDOWS\SYSTEM32\WINMM.dll
0x00007ff86a1f0000 - 0x00007ff86a1fa000 	C:\WINDOWS\SYSTEM32\VERSION.dll
0x00007ff872f30000 - 0x00007ff872f5c000 	C:\WINDOWS\SYSTEM32\WINMMBASE.dll
0x00007ff874880000 - 0x00007ff8748c3000 	C:\WINDOWS\system32\cfgmgr32.dll
0x00000000714c0000 - 0x00000000714cf000 	C:\Program Files\Java\jdk1.8.0_51\jre\bin\verify.dll
0x0000000071490000 - 0x00000000714b9000 	C:\Program Files\Java\jdk1.8.0_51\jre\bin\java.dll
0x0000000071470000 - 0x0000000071486000 	C:\Program Files\Java\jdk1.8.0_51\jre\bin\zip.dll
0x00007ff876900000 - 0x00007ff877e5f000 	C:\WINDOWS\system32\SHELL32.dll
0x00007ff874c20000 - 0x00007ff875264000 	C:\WINDOWS\system32\windows.storage.dll
0x00007ff875ee0000 - 0x00007ff875f32000 	C:\WINDOWS\system32\shlwapi.dll
0x00007ff874770000 - 0x00007ff87477f000 	C:\WINDOWS\system32\kernel.appcore.dll
0x00007ff875270000 - 0x00007ff875325000 	C:\WINDOWS\system32\shcore.dll
0x00007ff874780000 - 0x00007ff8747cb000 	C:\WINDOWS\system32\powrprof.dll
0x00007ff874750000 - 0x00007ff874764000 	C:\WINDOWS\system32\profapi.dll
0x0000000071290000 - 0x0000000071428000 	C:\Program Files\Java\jdk1.8.0_51\jre\bin\awt.dll
0x00007ff875590000 - 0x00007ff875651000 	C:\WINDOWS\system32\OLEAUT32.dll
0x00007ff873020000 - 0x00007ff873099000 	C:\WINDOWS\system32\apphelp.dll
0x00007ff8721f0000 - 0x00007ff872212000 	C:\WINDOWS\system32\DWMAPI.DLL
0x00007ff8730c0000 - 0x00007ff873156000 	C:\WINDOWS\system32\uxtheme.dll
0x00007ff876370000 - 0x00007ff8764ca000 	C:\WINDOWS\system32\MSCTF.dll
0x00007ff875d90000 - 0x00007ff875ed3000 	C:\WINDOWS\system32\ole32.dll
0x0000000071240000 - 0x0000000071287000 	C:\Program Files\Java\jdk1.8.0_51\jre\bin\fontmanager.dll
0x0000000071450000 - 0x000000007146a000 	C:\Program Files\Java\jdk1.8.0_51\jre\bin\net.dll
0x00007ff874010000 - 0x00007ff87406c000 	C:\WINDOWS\system32\mswsock.dll
0x0000000071430000 - 0x0000000071441000 	C:\Program Files\Java\jdk1.8.0_51\jre\bin\nio.dll
0x00000000711f0000 - 0x0000000071232000 	C:\Program Files\Java\jdk1.8.0_51\jre\bin\t2k.dll
0x0000000180000000 - 0x0000000180025000 	C:\Users\atahu\Documents\NetBeansProjects\JSerial-Port\lib\rxtxSerial.dll
0x00007ff875850000 - 0x00007ff8758f7000 	C:\WINDOWS\system32\clbcatq.dll
0x00007ff8713a0000 - 0x00007ff871551000 	C:\WINDOWS\SYSTEM32\WindowsCodecs.dll
0x00007ff860ef0000 - 0x00007ff860f3a000 	C:\WINDOWS\system32\dataexchange.dll
0x00007ff871f40000 - 0x00007ff8721e8000 	C:\WINDOWS\system32\d3d11.dll
0x00007ff872db0000 - 0x00007ff872e93000 	C:\WINDOWS\system32\dcomp.dll
0x00007ff871da0000 - 0x00007ff871e42000 	C:\WINDOWS\system32\dxgi.dll
0x00007ff873260000 - 0x00007ff873360000 	C:\WINDOWS\system32\twinapi.appcore.dll
0x00007ff874670000 - 0x00007ff874699000 	C:\WINDOWS\system32\bcrypt.dll
0x00007ff863dd0000 - 0x00007ff863f5c000 	C:\WINDOWS\SYSTEM32\dbghelp.dll

VM Arguments:
jvm_args: -Dfile.encoding=UTF-8 -Djava.library.path=C:\Users\atahu\Documents\NetBeansProjects\JSerial-Port\lib 
java_command: View.JSerialPort
java_class_path (initial): C:\Users\atahu\Documents\NetBeansProjects\JSerial-Port\Components\Windows\i368-mingw32;C:\Users\atahu\Documents\NetBeansProjects\JSerial-Port\Components\Windows\i368-mingw32\CopyLibs\org-netbeans-modules-java-j2seproject-copylibstask.jar;C:\Users\atahu\Documents\NetBeansProjects\JSerial-Port\Components\RXTXcomm.jar;C:\Users\atahu\Documents\NetBeansProjects\JSerial-Port\build\classes
Launcher Type: SUN_STANDARD

Environment Variables:
PATH=C:\Db\oraclexe\app\oracle\product\11.2.0\server\bin;C:\ProgrammingLanguages\Python343-x64;C:\ProgrammingLanguages\Python343-x64\Scripts;C:\ProgrammingLanguages\RailsInstaller\Ruby2.1.0\bin;C:\ProgrammingLanguages\Ruby22-x64\bin;C:\ProgramData\Oracle\Java\javapath;C:\WINDOWS\system32;C:\WINDOWS;C:\WINDOWS\System32\Wbem;C:\WINDOWS\System32\WindowsPowerShell\v1.0\;C:\Program Files\cURL\bin;C:\ProgrammingLanguages\nodejs\;C:\Apps\xampp\php;C:\ProgramData\ComposerSetup\bin;C:\WINDOWS\system32\config\systemprofile\.dnx\bin;C:\Program Files\Microsoft DNX\Dnvm\;C:\Program Files\MATLAB\MATLAB Production Server\R2015a\runtime\win64;C:\Program Files\MATLAB\MATLAB Production Server\R2015a\bin;C:\Program Files\MATLAB\MATLAB Production Server\R2015a\polyspace\bin;C:\Program Files\MATLAB\MATLAB Runtime\v85\runtime\win64;C:\Program Files (x86)\MySQL\MySQL Fabric 1.5.4 & MySQL Utilities 1.5.4 1.5\;C:\Program Files (x86)\MySQL\MySQL Fabric 1.5.4 & MySQL Utilities 1.5.4 1.5\Doctrine extensions for PHP\;C:\Program Files (x86)\OpenVPN\bin;C:\Program Files\Git\cmd;C:\Program Files (x86)\JasperStarter\bin;C:\Program Files\Sublime Text 2;C:\Users\atahu\AppData\Roaming\npm;C:\Tools\uru;C:\Db\PostgreSQL\9.4\bin;C:\Users\atahu\AppData\Local\Code\bin;C:\Users\atahu\AppData\Local\Programs\Git\cmd;C:\Users\atahu\AppData\Local\atom\bin
USERNAME=atahu
OS=Windows_NT
PROCESSOR_IDENTIFIER=Intel64 Family 6 Model 37 Stepping 5, GenuineIntel



---------------  S Y S T E M  ---------------

OS: Windows 10.0 , 64 bit Build 10586 (10.0.10586.0)

CPU:total 4 (2 cores per cpu, 2 threads per core) family 6 model 37 stepping 5, cmov, cx8, fxsr, mmx, sse, sse2, sse3, ssse3, sse4.1, sse4.2, popcnt, ht, tsc, tscinvbit

Memory: 4k page, physical 8181612k(4038940k free), swap 12900204k(6653152k free)

vm_info: Java HotSpot(TM) 64-Bit Server VM (25.51-b03) for windows-amd64 JRE (1.8.0_51-b16), built on Jun  8 2015 18:03:07 by "java_re" with MS VC++ 10.0 (VS2010)

time: Wed Jan 27 23:23:10 2016
elapsed time: 6 seconds (0d 0h 0m 6s)

